Using pre-set license
Built from '2020.3/staging' branch; Version is '2020.3.4f1 (0abb6314276a) revision 703331'; Using compiler version '192528614'; Build Type 'Release'
OS: 'Windows 10 Home; OS build 19042.1348; Version 2009; 64bit' Language: 'ru' Physical Memory: 16318 MB
BatchMode: 1, IsHumanControllingUs: 0, StartBugReporterOnCrash: 0, Is64bit: 1, IsPro: 0

 COMMAND LINE ARGUMENTS:
C:\soft\2020.3.4f1\Editor\Unity.exe
-adb2
-batchMode
-noUpm
-name
AssetImportWorker0
-projectPath
E:/unity pprojects/Test/TestRob
-logFile
Logs/AssetImportWorker0.log
-srvPort
64978
Successfully changed project path to: E:/unity pprojects/Test/TestRob
E:/unity pprojects/Test/TestRob
Using Asset Import Pipeline V2.
Refreshing native plugins compatible for Editor in 32.46 ms, found 1 plugins.
Preloading 0 native plugins for Editor in 0.00 ms.
Initialize engine version: 2020.3.4f1 (0abb6314276a)
[Subsystems] Discovering subsystems at path C:/soft/2020.3.4f1/Editor/Data/Resources/UnitySubsystems
[Subsystems] Discovering subsystems at path E:/unity pprojects/Test/TestRob/Assets
GfxDevice: creating device client; threaded=0
Direct3D:
    Version:  Direct3D 11.0 [level 11.1]
    Renderer: NVIDIA GeForce GTX 1660 Ti (ID=0x2182)
    Vendor:   
    VRAM:     5991 MB
    Driver:   30.0.14.7212
Initialize mono
Mono path[0] = 'C:/soft/2020.3.4f1/Editor/Data/Managed'
Mono path[1] = 'C:/soft/2020.3.4f1/Editor/Data/MonoBleedingEdge/lib/mono/unityjit'
Mono config path = 'C:/soft/2020.3.4f1/Editor/Data/MonoBleedingEdge/etc'
Using monoOptions --debugger-agent=transport=dt_socket,embedding=1,server=y,suspend=n,address=127.0.0.1:56176
Begin MonoManager ReloadAssembly
Registering precompiled unity dll's ...
Register platform support module: C:/soft/2020.3.4f1/Editor/Data/PlaybackEngines/WindowsStandaloneSupport/UnityEditor.WindowsStandalone.Extensions.dll
Registered in 0.001620 seconds.
Native extension for WindowsStandalone target not found
Refreshing native plugins compatible for Editor in 33.72 ms, found 1 plugins.
Preloading 0 native plugins for Editor in 0.00 ms.
Mono: successfully reloaded assembly
- Completed reload, in  1.497 seconds
Platform modules already initialized, skipping
Registering precompiled user dll's ...
Registered in 0.000491 seconds.
Begin MonoManager ReloadAssembly
Native extension for WindowsStandalone target not found
Refreshing native plugins compatible for Editor in 31.95 ms, found 1 plugins.
Preloading 0 native plugins for Editor in 0.00 ms.
Mono: successfully reloaded assembly
- Completed reload, in  0.767 seconds
Platform modules already initialized, skipping
========================================================================
Worker process is ready to serve import requests
Launched and connected shader compiler UnityShaderCompiler.exe after 0.04 seconds
Refreshing native plugins compatible for Editor in 0.40 ms, found 1 plugins.
Preloading 0 native plugins for Editor in 0.00 ms.
Unloading 1808 Unused Serialized files (Serialized files now loaded: 0)
System memory in use before: 84.8 MB.
System memory in use after: 84.8 MB.

Unloading 24 unused Assets to reduce memory usage. Loaded Objects now: 2250.
Total: 2.316900 ms (FindLiveObjects: 0.228800 ms CreateObjectMapping: 0.040700 ms MarkObjects: 1.921500 ms  DeleteObjects: 0.124900 ms)

========================================================================
Received Import Request.
  path: Assets
  artifactKey: Guid(00000000000000001000000000000000) Importer(815301076,1909f56bfc062723c751e8b465ee728b)
Start importing Assets using Guid(00000000000000001000000000000000) Importer(815301076,1909f56bfc062723c751e8b465ee728b)  -> (artifact id: '025e4f587c23674256bb898581e82961') in 0.008261 seconds
  Import took 0.021408 seconds .

========================================================================
Received Import Request.
  Time since last request: 3.454303 seconds.
  path: Assets/Item.cs
  artifactKey: Guid(ac2ca2cfde08f454b87a4efe4147fe1e) Importer(815301076,1909f56bfc062723c751e8b465ee728b)
Start importing Assets/Item.cs using Guid(ac2ca2cfde08f454b87a4efe4147fe1e) Importer(815301076,1909f56bfc062723c751e8b465ee728b)  -> (artifact id: '9608bb39a27f329797a2311f3fda6fc2') in 0.029302 seconds
  Import took 0.032589 seconds .

========================================================================
Received Prepare
Registering precompiled user dll's ...
Registered in 0.000598 seconds.
Begin MonoManager ReloadAssembly
Native extension for WindowsStandalone target not found
Refreshing native plugins compatible for Editor in 0.38 ms, found 1 plugins.
Preloading 0 native plugins for Editor in 0.00 ms.
Mono: successfully reloaded assembly
- Completed reload, in  0.677 seconds
Platform modules already initialized, skipping
Refreshing native plugins compatible for Editor in 0.32 ms, found 1 plugins.
Preloading 0 native plugins for Editor in 0.00 ms.
Unloading 1804 Unused Serialized files (Serialized files now loaded: 0)
System memory in use before: 84.8 MB.
System memory in use after: 84.8 MB.

Unloading 12 unused Assets to reduce memory usage. Loaded Objects now: 2255.
Total: 1.780100 ms (FindLiveObjects: 0.204000 ms CreateObjectMapping: 0.039700 ms MarkObjects: 1.432300 ms  DeleteObjects: 0.103100 ms)

========================================================================
Received Prepare
Registering precompiled user dll's ...
Registered in 0.000626 seconds.
Begin MonoManager ReloadAssembly
Native extension for WindowsStandalone target not found
Refreshing native plugins compatible for Editor in 0.40 ms, found 1 plugins.
Preloading 0 native plugins for Editor in 0.00 ms.
Mono: successfully reloaded assembly
- Completed reload, in  0.678 seconds
Platform modules already initialized, skipping
Refreshing native plugins compatible for Editor in 0.34 ms, found 1 plugins.
Preloading 0 native plugins for Editor in 0.00 ms.
Unloading 1804 Unused Serialized files (Serialized files now loaded: 0)
System memory in use before: 84.8 MB.
System memory in use after: 84.8 MB.

Unloading 12 unused Assets to reduce memory usage. Loaded Objects now: 2259.
Total: 1.896200 ms (FindLiveObjects: 0.185600 ms CreateObjectMapping: 0.039400 ms MarkObjects: 1.557300 ms  DeleteObjects: 0.112800 ms)

========================================================================
Received Import Request.
  Time since last request: 1298.408598 seconds.
  path: Assets/Item.cs
  artifactKey: Guid(ac2ca2cfde08f454b87a4efe4147fe1e) Importer(815301076,1909f56bfc062723c751e8b465ee728b)
Start importing Assets/Item.cs using Guid(ac2ca2cfde08f454b87a4efe4147fe1e) Importer(815301076,1909f56bfc062723c751e8b465ee728b)  -> (artifact id: '6d8b3cb7304ca9d1ec3e657208678716') in 0.004208 seconds
  Import took 0.027834 seconds .

========================================================================
Received Import Request.
  Time since last request: 38.879537 seconds.
  path: Assets/New Folder
  artifactKey: Guid(4600a7e19835ed9458df01d3d886bc76) Importer(815301076,1909f56bfc062723c751e8b465ee728b)
Start importing Assets/New Folder using Guid(4600a7e19835ed9458df01d3d886bc76) Importer(815301076,1909f56bfc062723c751e8b465ee728b)  -> (artifact id: '8933ae31a436d9f058794ebdb0ab3695') in 0.006266 seconds
  Import took 0.009976 seconds .

========================================================================
Received Import Request.
  Time since last request: 3.937712 seconds.
  path: Assets/New Folder/New Folder
  artifactKey: Guid(fb02e5950a7a19849b7209b30874f62f) Importer(815301076,1909f56bfc062723c751e8b465ee728b)
Start importing Assets/New Folder/New Folder using Guid(fb02e5950a7a19849b7209b30874f62f) Importer(815301076,1909f56bfc062723c751e8b465ee728b)  -> (artifact id: '433178780bfb14edc6aa0a7e2a38a3bd') in 0.003158 seconds
  Import took 0.015914 seconds .

========================================================================
Received Import Request.
  Time since last request: 10.979610 seconds.
  path: Assets/Resorsec
  artifactKey: Guid(4600a7e19835ed9458df01d3d886bc76) Importer(815301076,1909f56bfc062723c751e8b465ee728b)
Start importing Assets/Resorsec using Guid(4600a7e19835ed9458df01d3d886bc76) Importer(815301076,1909f56bfc062723c751e8b465ee728b)  -> (artifact id: 'bcef607a504579ed497763e7a60d2a15') in 0.006476 seconds
  Import took 0.009810 seconds .

========================================================================
Received Import Request.
  Time since last request: 11.302621 seconds.
  path: Assets/Resources
  artifactKey: Guid(4600a7e19835ed9458df01d3d886bc76) Importer(815301076,1909f56bfc062723c751e8b465ee728b)
Start importing Assets/Resources using Guid(4600a7e19835ed9458df01d3d886bc76) Importer(815301076,1909f56bfc062723c751e8b465ee728b)  -> (artifact id: '344d249c1106641c49957d230d528181') in 0.006165 seconds
  Import took 0.022934 seconds .

========================================================================
Received Import Request.
  Time since last request: 10.078407 seconds.
  path: Assets/Scripts
  artifactKey: Guid(50b554db3a11c8048a71d35e92f353fd) Importer(815301076,1909f56bfc062723c751e8b465ee728b)
Start importing Assets/Scripts using Guid(50b554db3a11c8048a71d35e92f353fd) Importer(815301076,1909f56bfc062723c751e8b465ee728b)  -> (artifact id: 'f59ff0c7c8596711f1ecf72eff4d04d3') in 0.006601 seconds
  Import took 0.009298 seconds .

========================================================================
Received Import Request.
  Time since last request: 39.307533 seconds.
  path: Assets/Resources/Items
  artifactKey: Guid(a262a2abaa9e8f0408ec4f2acb5af8be) Importer(815301076,1909f56bfc062723c751e8b465ee728b)
Start importing Assets/Resources/Items using Guid(a262a2abaa9e8f0408ec4f2acb5af8be) Importer(815301076,1909f56bfc062723c751e8b465ee728b)  -> (artifact id: '298dff78cd775d0ade353f5fc7cbf0cf') in 0.006918 seconds
  Import took 0.009655 seconds .

========================================================================
Received Prepare
Registering precompiled user dll's ...
Registered in 0.000637 seconds.
Begin MonoManager ReloadAssembly
Native extension for WindowsStandalone target not found
Refreshing native plugins compatible for Editor in 0.39 ms, found 1 plugins.
Preloading 0 native plugins for Editor in 0.00 ms.
Mono: successfully reloaded assembly
- Completed reload, in  0.698 seconds
Platform modules already initialized, skipping
Refreshing native plugins compatible for Editor in 0.42 ms, found 1 plugins.
Preloading 0 native plugins for Editor in 0.00 ms.
Unloading 1804 Unused Serialized files (Serialized files now loaded: 0)
System memory in use before: 84.9 MB.
System memory in use after: 84.8 MB.

Unloading 12 unused Assets to reduce memory usage. Loaded Objects now: 2263.
Total: 2.051900 ms (FindLiveObjects: 0.239200 ms CreateObjectMapping: 0.041800 ms MarkObjects: 1.647700 ms  DeleteObjects: 0.122000 ms)

========================================================================
Received Prepare
Registering precompiled user dll's ...
Registered in 0.000675 seconds.
Begin MonoManager ReloadAssembly
Native extension for WindowsStandalone target not found
Refreshing native plugins compatible for Editor in 0.43 ms, found 1 plugins.
Preloading 0 native plugins for Editor in 0.00 ms.
Mono: successfully reloaded assembly
- Completed reload, in  0.675 seconds
Platform modules already initialized, skipping
Refreshing native plugins compatible for Editor in 0.39 ms, found 1 plugins.
Preloading 0 native plugins for Editor in 0.00 ms.
Unloading 1804 Unused Serialized files (Serialized files now loaded: 0)
System memory in use before: 84.9 MB.
System memory in use after: 84.9 MB.

Unloading 12 unused Assets to reduce memory usage. Loaded Objects now: 2267.
Total: 1.967800 ms (FindLiveObjects: 0.245000 ms CreateObjectMapping: 0.039100 ms MarkObjects: 1.574000 ms  DeleteObjects: 0.108900 ms)

========================================================================
Received Import Request.
  Time since last request: 2095.808381 seconds.
  path: Assets/Scripts/CraftRecipe.cs
  artifactKey: Guid(94f8f7d9940c0e544a343ae89eae7cc0) Importer(815301076,1909f56bfc062723c751e8b465ee728b)
Start importing Assets/Scripts/CraftRecipe.cs using Guid(94f8f7d9940c0e544a343ae89eae7cc0) Importer(815301076,1909f56bfc062723c751e8b465ee728b)  -> (artifact id: '3e2d446ea9fd8443ac47e9e28de08cd3') in 0.009581 seconds
  Import took 0.012703 seconds .

========================================================================
Received Import Request.
  Time since last request: 0.002773 seconds.
  path: Assets/Scripts/CraftRecipe.cs
  artifactKey: Guid(94f8f7d9940c0e544a343ae89eae7cc0) Importer(815301076,1909f56bfc062723c751e8b465ee728b)
Start importing Assets/Scripts/CraftRecipe.cs using Guid(94f8f7d9940c0e544a343ae89eae7cc0) Importer(815301076,1909f56bfc062723c751e8b465ee728b)  -> (artifact id: '3e2d446ea9fd8443ac47e9e28de08cd3') in 0.002249 seconds
  Import took 0.004698 seconds .

========================================================================
Received Prepare
Registering precompiled user dll's ...
Registered in 0.000663 seconds.
Begin MonoManager ReloadAssembly
Native extension for WindowsStandalone target not found
Refreshing native plugins compatible for Editor in 0.37 ms, found 1 plugins.
Preloading 0 native plugins for Editor in 0.00 ms.
Mono: successfully reloaded assembly
- Completed reload, in  0.692 seconds
Platform modules already initialized, skipping
Refreshing native plugins compatible for Editor in 0.34 ms, found 1 plugins.
Preloading 0 native plugins for Editor in 0.00 ms.
Unloading 1805 Unused Serialized files (Serialized files now loaded: 0)
System memory in use before: 84.9 MB.
System memory in use after: 84.9 MB.

Unloading 12 unused Assets to reduce memory usage. Loaded Objects now: 2272.
Total: 1.924800 ms (FindLiveObjects: 0.207400 ms CreateObjectMapping: 0.043300 ms MarkObjects: 1.526800 ms  DeleteObjects: 0.146100 ms)

========================================================================
Received Prepare
Registering precompiled user dll's ...
Registered in 0.000725 seconds.
Begin MonoManager ReloadAssembly
Native extension for WindowsStandalone target not found
Refreshing native plugins compatible for Editor in 0.38 ms, found 1 plugins.
Preloading 0 native plugins for Editor in 0.00 ms.
Mono: successfully reloaded assembly
- Completed reload, in  0.678 seconds
Platform modules already initialized, skipping
Refreshing native plugins compatible for Editor in 0.34 ms, found 1 plugins.
Preloading 0 native plugins for Editor in 0.00 ms.
Unloading 1805 Unused Serialized files (Serialized files now loaded: 0)
System memory in use before: 84.9 MB.
System memory in use after: 84.9 MB.

Unloading 12 unused Assets to reduce memory usage. Loaded Objects now: 2276.
Total: 2.240100 ms (FindLiveObjects: 0.187200 ms CreateObjectMapping: 0.040800 ms MarkObjects: 1.890700 ms  DeleteObjects: 0.120300 ms)

========================================================================
Received Import Request.
  Time since last request: 508.335820 seconds.
  path: Assets/Scripts/CraftRecipe.cs
  artifactKey: Guid(94f8f7d9940c0e544a343ae89eae7cc0) Importer(815301076,1909f56bfc062723c751e8b465ee728b)
Start importing Assets/Scripts/CraftRecipe.cs using Guid(94f8f7d9940c0e544a343ae89eae7cc0) Importer(815301076,1909f56bfc062723c751e8b465ee728b)  -> (artifact id: 'cd3c356fa40608fa9ca8dc2f0e49f4d1') in 0.004242 seconds
  Import took 0.006528 seconds .

========================================================================
Received Import Request.
  Time since last request: 9.812159 seconds.
  path: Assets/Scripts/ItemInSlot.cs
  artifactKey: Guid(28dd73478b3d1524cae3a4bf2134287a) Importer(815301076,1909f56bfc062723c751e8b465ee728b)
Start importing Assets/Scripts/ItemInSlot.cs using Guid(28dd73478b3d1524cae3a4bf2134287a) Importer(815301076,1909f56bfc062723c751e8b465ee728b)  -> (artifact id: '6eddfa22ac20a59e0e8c2187f6d40455') in 0.006348 seconds
  Import took 0.009009 seconds .

========================================================================
Received Prepare
Registering precompiled user dll's ...
Registered in 0.000768 seconds.
Begin MonoManager ReloadAssembly
Native extension for WindowsStandalone target not found
Refreshing native plugins compatible for Editor in 0.38 ms, found 1 plugins.
Preloading 0 native plugins for Editor in 0.00 ms.
Mono: successfully reloaded assembly
- Completed reload, in  0.709 seconds
Platform modules already initialized, skipping
Refreshing native plugins compatible for Editor in 0.38 ms, found 1 plugins.
Preloading 0 native plugins for Editor in 0.00 ms.
Unloading 1806 Unused Serialized files (Serialized files now loaded: 0)
System memory in use before: 85.0 MB.
System memory in use after: 85.0 MB.

Unloading 12 unused Assets to reduce memory usage. Loaded Objects now: 2281.
Total: 1.866200 ms (FindLiveObjects: 0.238600 ms CreateObjectMapping: 0.043700 ms MarkObjects: 1.480700 ms  DeleteObjects: 0.102400 ms)

========================================================================
Received Prepare
Registering precompiled user dll's ...
Registered in 0.000621 seconds.
Begin MonoManager ReloadAssembly
Native extension for WindowsStandalone target not found
Refreshing native plugins compatible for Editor in 0.38 ms, found 1 plugins.
Preloading 0 native plugins for Editor in 0.00 ms.
Mono: successfully reloaded assembly
- Completed reload, in  0.681 seconds
Platform modules already initialized, skipping
Refreshing native plugins compatible for Editor in 0.34 ms, found 1 plugins.
Preloading 0 native plugins for Editor in 0.00 ms.
Unloading 1806 Unused Serialized files (Serialized files now loaded: 0)
System memory in use before: 85.0 MB.
System memory in use after: 85.0 MB.

Unloading 12 unused Assets to reduce memory usage. Loaded Objects now: 2285.
Total: 1.949100 ms (FindLiveObjects: 0.196600 ms CreateObjectMapping: 0.041900 ms MarkObjects: 1.596600 ms  DeleteObjects: 0.113400 ms)

========================================================================
Received Import Request.
  Time since last request: 149.505935 seconds.
  path: Assets/Scripts/ItemInSlot.cs
  artifactKey: Guid(28dd73478b3d1524cae3a4bf2134287a) Importer(815301076,1909f56bfc062723c751e8b465ee728b)
Start importing Assets/Scripts/ItemInSlot.cs using Guid(28dd73478b3d1524cae3a4bf2134287a) Importer(815301076,1909f56bfc062723c751e8b465ee728b)  -> (artifact id: '6b5a1cbdfa733758605b937cf89e2ed6') in 0.004318 seconds
  Import took 0.016945 seconds .

========================================================================
Received Import Request.
  Time since last request: 8.187766 seconds.
  path: Assets/Scripts/ItemsManager.cs
  artifactKey: Guid(b5aec54ad7ec9fc49a10850f36e361bb) Importer(815301076,1909f56bfc062723c751e8b465ee728b)
Start importing Assets/Scripts/ItemsManager.cs using Guid(b5aec54ad7ec9fc49a10850f36e361bb) Importer(815301076,1909f56bfc062723c751e8b465ee728b)  -> (artifact id: '91936eeaa284abedf4c5fc790709100c') in 0.007188 seconds
  Import took 0.010023 seconds .

========================================================================
Received Prepare
Registering precompiled user dll's ...
Registered in 0.000635 seconds.
Begin MonoManager ReloadAssembly
Native extension for WindowsStandalone target not found
Refreshing native plugins compatible for Editor in 0.37 ms, found 1 plugins.
Preloading 0 native plugins for Editor in 0.00 ms.
Mono: successfully reloaded assembly
- Completed reload, in  0.685 seconds
Platform modules already initialized, skipping
Refreshing native plugins compatible for Editor in 0.36 ms, found 1 plugins.
Preloading 0 native plugins for Editor in 0.00 ms.
Unloading 1807 Unused Serialized files (Serialized files now loaded: 0)
System memory in use before: 85.0 MB.
System memory in use after: 85.0 MB.

Unloading 12 unused Assets to reduce memory usage. Loaded Objects now: 2290.
Total: 1.973200 ms (FindLiveObjects: 0.188900 ms CreateObjectMapping: 0.042400 ms MarkObjects: 1.621900 ms  DeleteObjects: 0.119000 ms)

