Using pre-set license
Built from '2020.3/staging' branch; Version is '2020.3.4f1 (0abb6314276a) revision 703331'; Using compiler version '192528614'; Build Type 'Release'
OS: 'Windows 10 Home; OS build 19042.1348; Version 2009; 64bit' Language: 'ru' Physical Memory: 16318 MB
BatchMode: 1, IsHumanControllingUs: 0, StartBugReporterOnCrash: 0, Is64bit: 1, IsPro: 0

 COMMAND LINE ARGUMENTS:
C:\soft\2020.3.4f1\Editor\Unity.exe
-adb2
-batchMode
-noUpm
-name
AssetImportWorker0
-projectPath
E:/unity pprojects/Test/TestRob
-logFile
Logs/AssetImportWorker0.log
-srvPort
60032
Successfully changed project path to: E:/unity pprojects/Test/TestRob
E:/unity pprojects/Test/TestRob
Using Asset Import Pipeline V2.
Refreshing native plugins compatible for Editor in 30.13 ms, found 1 plugins.
Preloading 0 native plugins for Editor in 0.00 ms.
Initialize engine version: 2020.3.4f1 (0abb6314276a)
[Subsystems] Discovering subsystems at path C:/soft/2020.3.4f1/Editor/Data/Resources/UnitySubsystems
[Subsystems] Discovering subsystems at path E:/unity pprojects/Test/TestRob/Assets
GfxDevice: creating device client; threaded=0
Direct3D:
    Version:  Direct3D 11.0 [level 11.1]
    Renderer: NVIDIA GeForce GTX 1660 Ti (ID=0x2182)
    Vendor:   
    VRAM:     5991 MB
    Driver:   30.0.14.7212
Initialize mono
Mono path[0] = 'C:/soft/2020.3.4f1/Editor/Data/Managed'
Mono path[1] = 'C:/soft/2020.3.4f1/Editor/Data/MonoBleedingEdge/lib/mono/unityjit'
Mono config path = 'C:/soft/2020.3.4f1/Editor/Data/MonoBleedingEdge/etc'
Using monoOptions --debugger-agent=transport=dt_socket,embedding=1,server=y,suspend=n,address=127.0.0.1:56128
Begin MonoManager ReloadAssembly
Registering precompiled unity dll's ...
Register platform support module: C:/soft/2020.3.4f1/Editor/Data/PlaybackEngines/WindowsStandaloneSupport/UnityEditor.WindowsStandalone.Extensions.dll
Registered in 0.001647 seconds.
Native extension for WindowsStandalone target not found
Refreshing native plugins compatible for Editor in 31.26 ms, found 1 plugins.
Preloading 0 native plugins for Editor in 0.00 ms.
Mono: successfully reloaded assembly
- Completed reload, in  1.371 seconds
Platform modules already initialized, skipping
Registering precompiled user dll's ...
Registered in 0.000474 seconds.
Begin MonoManager ReloadAssembly
Native extension for WindowsStandalone target not found
Refreshing native plugins compatible for Editor in 31.23 ms, found 1 plugins.
Preloading 0 native plugins for Editor in 0.00 ms.
Mono: successfully reloaded assembly
- Completed reload, in  0.739 seconds
Platform modules already initialized, skipping
========================================================================
Worker process is ready to serve import requests
Launched and connected shader compiler UnityShaderCompiler.exe after 0.03 seconds
Refreshing native plugins compatible for Editor in 0.37 ms, found 1 plugins.
Preloading 0 native plugins for Editor in 0.00 ms.
Unloading 1812 Unused Serialized files (Serialized files now loaded: 0)
System memory in use before: 84.9 MB.
System memory in use after: 84.9 MB.

Unloading 28 unused Assets to reduce memory usage. Loaded Objects now: 2251.
Total: 1.909900 ms (FindLiveObjects: 0.222600 ms CreateObjectMapping: 0.048400 ms MarkObjects: 1.506900 ms  DeleteObjects: 0.131000 ms)

========================================================================
Received Prepare
Registering precompiled user dll's ...
Registered in 0.000514 seconds.
Begin MonoManager ReloadAssembly
Native extension for WindowsStandalone target not found
Refreshing native plugins compatible for Editor in 0.37 ms, found 1 plugins.
Preloading 0 native plugins for Editor in 0.00 ms.
Mono: successfully reloaded assembly
- Completed reload, in  0.670 seconds
Platform modules already initialized, skipping
Refreshing native plugins compatible for Editor in 0.30 ms, found 1 plugins.
Preloading 0 native plugins for Editor in 0.00 ms.
Unloading 1803 Unused Serialized files (Serialized files now loaded: 0)
System memory in use before: 84.8 MB.
System memory in use after: 84.7 MB.

Unloading 12 unused Assets to reduce memory usage. Loaded Objects now: 2255.
Total: 2.171300 ms (FindLiveObjects: 0.230600 ms CreateObjectMapping: 0.045600 ms MarkObjects: 1.773100 ms  DeleteObjects: 0.120900 ms)

========================================================================
Received Import Request.
  path: Assets/Resources/Prefabs
  artifactKey: Guid(330dfc5737eb85d4c80d11ec85720178) Importer(815301076,1909f56bfc062723c751e8b465ee728b)
Start importing Assets/Resources/Prefabs using Guid(330dfc5737eb85d4c80d11ec85720178) Importer(815301076,1909f56bfc062723c751e8b465ee728b)  -> (artifact id: '617f5c99808b6bdd43efebc7b50cc65d') in 0.007684 seconds
  Import took 0.010414 seconds .

========================================================================
Received Import Request.
  Time since last request: 0.000440 seconds.
  path: Assets/Resources/Prefabs
  artifactKey: Guid(330dfc5737eb85d4c80d11ec85720178) Importer(815301076,1909f56bfc062723c751e8b465ee728b)
Start importing Assets/Resources/Prefabs using Guid(330dfc5737eb85d4c80d11ec85720178) Importer(815301076,1909f56bfc062723c751e8b465ee728b)  -> (artifact id: '617f5c99808b6bdd43efebc7b50cc65d') in 0.001286 seconds
  Import took 0.003101 seconds .

========================================================================
Received Import Request.
  Time since last request: 3.353138 seconds.
  path: Assets/Resources/Prefabs/Panel.prefab
  artifactKey: Guid(5a8f2acdaf41b4c49bef886f2c577ca1) Importer(815301076,1909f56bfc062723c751e8b465ee728b)
Start importing Assets/Resources/Prefabs/Panel.prefab using Guid(5a8f2acdaf41b4c49bef886f2c577ca1) Importer(815301076,1909f56bfc062723c751e8b465ee728b)  -> (artifact id: 'ca2525a1f7bd3ea278f3610e63c0c3d8') in 0.050190 seconds
  Import took 0.056697 seconds .

========================================================================
Received Import Request.
  Time since last request: 0.004527 seconds.
  path: Assets/Resources/Prefabs/Panel.prefab
  artifactKey: Guid(5a8f2acdaf41b4c49bef886f2c577ca1) Importer(815301076,1909f56bfc062723c751e8b465ee728b)
Start importing Assets/Resources/Prefabs/Panel.prefab using Guid(5a8f2acdaf41b4c49bef886f2c577ca1) Importer(815301076,1909f56bfc062723c751e8b465ee728b)  -> (artifact id: 'ca2525a1f7bd3ea278f3610e63c0c3d8') in 0.003436 seconds
  Import took 0.005531 seconds .

========================================================================
Received Import Request.
  Time since last request: 29.194281 seconds.
  path: Assets/Resources/Prefabs/Panel.prefab
  artifactKey: Guid(5a8f2acdaf41b4c49bef886f2c577ca1) Importer(815301076,1909f56bfc062723c751e8b465ee728b)
Start importing Assets/Resources/Prefabs/Panel.prefab using Guid(5a8f2acdaf41b4c49bef886f2c577ca1) Importer(815301076,1909f56bfc062723c751e8b465ee728b)  -> (artifact id: '6466fce55475ec177195fc553934a208') in 0.003608 seconds
  Import took 0.010859 seconds .

========================================================================
Received Import Request.
  Time since last request: 4.226457 seconds.
  path: Assets/Resources/Prefabs/Panel.prefab
  artifactKey: Guid(5a8f2acdaf41b4c49bef886f2c577ca1) Importer(815301076,1909f56bfc062723c751e8b465ee728b)
Start importing Assets/Resources/Prefabs/Panel.prefab using Guid(5a8f2acdaf41b4c49bef886f2c577ca1) Importer(815301076,1909f56bfc062723c751e8b465ee728b)  -> (artifact id: '9fef05b91a63aa0492ab2fdb39f0a505') in 0.002619 seconds
  Import took 0.005069 seconds .

========================================================================
Received Import Request.
  Time since last request: 1.204510 seconds.
  path: Assets/Resources/Prefabs/Panel.prefab
  artifactKey: Guid(5a8f2acdaf41b4c49bef886f2c577ca1) Importer(815301076,1909f56bfc062723c751e8b465ee728b)
Start importing Assets/Resources/Prefabs/Panel.prefab using Guid(5a8f2acdaf41b4c49bef886f2c577ca1) Importer(815301076,1909f56bfc062723c751e8b465ee728b)  -> (artifact id: '087354b652ccca019ef8b11fa72c9942') in 0.002432 seconds
  Import took 0.020415 seconds .

========================================================================
Received Import Request.
  Time since last request: 243.023192 seconds.
  path: Assets/Resources/Prefabs/Kube.prefab
  artifactKey: Guid(3c03d4adaf1ba554b914a1e56a4bfed1) Importer(815301076,1909f56bfc062723c751e8b465ee728b)
Start importing Assets/Resources/Prefabs/Kube.prefab using Guid(3c03d4adaf1ba554b914a1e56a4bfed1) Importer(815301076,1909f56bfc062723c751e8b465ee728b)  -> (artifact id: '450b42041ea5f71b093f6988df150d56') in 0.052930 seconds
  Import took 0.056212 seconds .

========================================================================
Received Import Request.
  Time since last request: 1.012203 seconds.
  path: Assets/Resources/Prefabs/Circle.prefab
  artifactKey: Guid(9adc8eb113180af418f92a70a4244874) Importer(815301076,1909f56bfc062723c751e8b465ee728b)
Start importing Assets/Resources/Prefabs/Circle.prefab using Guid(9adc8eb113180af418f92a70a4244874) Importer(815301076,1909f56bfc062723c751e8b465ee728b)  -> (artifact id: '4f109e914e617f7b86033cfc7022c510') in 0.009960 seconds
  Import took 0.012779 seconds .

========================================================================
Received Import Request.
  Time since last request: 1.052690 seconds.
  path: Assets/Resources/Prefabs/Capsule.prefab
  artifactKey: Guid(f1b9dd44d860cef43a9c172df46217d7) Importer(815301076,1909f56bfc062723c751e8b465ee728b)
Start importing Assets/Resources/Prefabs/Capsule.prefab using Guid(f1b9dd44d860cef43a9c172df46217d7) Importer(815301076,1909f56bfc062723c751e8b465ee728b)  -> (artifact id: 'f1b6488aa66d92a15acd9c2a6c3c2b10') in 0.009362 seconds
  Import took 0.012208 seconds .

========================================================================
Received Import Request.
  Time since last request: 53.588401 seconds.
  path: Assets/Scripts/Item.cs
  artifactKey: Guid(ac2ca2cfde08f454b87a4efe4147fe1e) Importer(815301076,1909f56bfc062723c751e8b465ee728b)
Start importing Assets/Scripts/Item.cs using Guid(ac2ca2cfde08f454b87a4efe4147fe1e) Importer(815301076,1909f56bfc062723c751e8b465ee728b)  -> (artifact id: '9608bb39a27f329797a2311f3fda6fc2') in 0.008678 seconds
  Import took 0.011414 seconds .

========================================================================
Received Prepare
Registering precompiled user dll's ...
Registered in 0.000799 seconds.
Begin MonoManager ReloadAssembly
Native extension for WindowsStandalone target not found
Refreshing native plugins compatible for Editor in 0.66 ms, found 1 plugins.
Preloading 0 native plugins for Editor in 0.00 ms.
Mono: successfully reloaded assembly
- Completed reload, in  0.878 seconds
Platform modules already initialized, skipping
Refreshing native plugins compatible for Editor in 0.36 ms, found 1 plugins.
Preloading 0 native plugins for Editor in 0.00 ms.
Unloading 1804 Unused Serialized files (Serialized files now loaded: 0)
System memory in use before: 88.0 MB.
System memory in use after: 87.9 MB.

Unloading 13 unused Assets to reduce memory usage. Loaded Objects now: 2267.
Total: 1.930400 ms (FindLiveObjects: 0.230000 ms CreateObjectMapping: 0.038800 ms MarkObjects: 1.543800 ms  DeleteObjects: 0.116400 ms)

========================================================================
Received Prepare
Registering precompiled user dll's ...
Registered in 0.000629 seconds.
Begin MonoManager ReloadAssembly
Native extension for WindowsStandalone target not found
Refreshing native plugins compatible for Editor in 0.35 ms, found 1 plugins.
Preloading 0 native plugins for Editor in 0.00 ms.
Mono: successfully reloaded assembly
- Completed reload, in  0.655 seconds
Platform modules already initialized, skipping
Refreshing native plugins compatible for Editor in 0.33 ms, found 1 plugins.
Preloading 0 native plugins for Editor in 0.00 ms.
Unloading 1804 Unused Serialized files (Serialized files now loaded: 0)
System memory in use before: 88.0 MB.
System memory in use after: 88.0 MB.

Unloading 12 unused Assets to reduce memory usage. Loaded Objects now: 2271.
Total: 1.984900 ms (FindLiveObjects: 0.208700 ms CreateObjectMapping: 0.046300 ms MarkObjects: 1.616000 ms  DeleteObjects: 0.112300 ms)

========================================================================
Received Prepare
Registering precompiled user dll's ...
Registered in 0.000668 seconds.
Begin MonoManager ReloadAssembly
Native extension for WindowsStandalone target not found
Refreshing native plugins compatible for Editor in 0.36 ms, found 1 plugins.
Preloading 0 native plugins for Editor in 0.00 ms.
Mono: successfully reloaded assembly
- Completed reload, in  0.664 seconds
Platform modules already initialized, skipping
Refreshing native plugins compatible for Editor in 0.28 ms, found 1 plugins.
Preloading 0 native plugins for Editor in 0.00 ms.
Unloading 1804 Unused Serialized files (Serialized files now loaded: 0)
System memory in use before: 88.0 MB.
System memory in use after: 88.0 MB.

Unloading 12 unused Assets to reduce memory usage. Loaded Objects now: 2275.
Total: 1.963600 ms (FindLiveObjects: 0.194200 ms CreateObjectMapping: 0.044500 ms MarkObjects: 1.610500 ms  DeleteObjects: 0.113300 ms)

========================================================================
Received Import Request.
  Time since last request: 7732.364203 seconds.
  path: Assets/Scripts/Iitem.cs
  artifactKey: Guid(8562ff9a91b572044b8f08bfe97faf2f) Importer(815301076,1909f56bfc062723c751e8b465ee728b)
Start importing Assets/Scripts/Iitem.cs using Guid(8562ff9a91b572044b8f08bfe97faf2f) Importer(815301076,1909f56bfc062723c751e8b465ee728b)  -> (artifact id: '1c8415fafdbe413765fd88f1cf130dc2') in 0.007674 seconds
  Import took 0.023027 seconds .

========================================================================
Received Prepare
Registering precompiled user dll's ...
Registered in 0.000706 seconds.
Begin MonoManager ReloadAssembly
Native extension for WindowsStandalone target not found
Refreshing native plugins compatible for Editor in 0.36 ms, found 1 plugins.
Preloading 0 native plugins for Editor in 0.00 ms.
Mono: successfully reloaded assembly
- Completed reload, in  0.687 seconds
Platform modules already initialized, skipping
Refreshing native plugins compatible for Editor in 0.35 ms, found 1 plugins.
Preloading 0 native plugins for Editor in 0.00 ms.
Unloading 1805 Unused Serialized files (Serialized files now loaded: 0)
System memory in use before: 88.1 MB.
System memory in use after: 88.1 MB.

Unloading 12 unused Assets to reduce memory usage. Loaded Objects now: 2280.
Total: 2.009400 ms (FindLiveObjects: 0.300800 ms CreateObjectMapping: 0.056000 ms MarkObjects: 1.542000 ms  DeleteObjects: 0.109800 ms)

========================================================================
Received Import Request.
  Time since last request: 13.468612 seconds.
  path: Assets/Scripts/IItem.cs
  artifactKey: Guid(8562ff9a91b572044b8f08bfe97faf2f) Importer(815301076,1909f56bfc062723c751e8b465ee728b)
Start importing Assets/Scripts/IItem.cs using Guid(8562ff9a91b572044b8f08bfe97faf2f) Importer(815301076,1909f56bfc062723c751e8b465ee728b)  -> (artifact id: '083fd692e58d03a67fbc9d2cc6a2cd01') in 0.007366 seconds
  Import took 0.010516 seconds .

========================================================================
Received Prepare
Registering precompiled user dll's ...
Registered in 0.000724 seconds.
Begin MonoManager ReloadAssembly
Native extension for WindowsStandalone target not found
Refreshing native plugins compatible for Editor in 0.38 ms, found 1 plugins.
Preloading 0 native plugins for Editor in 0.00 ms.
Mono: successfully reloaded assembly
- Completed reload, in  0.683 seconds
Platform modules already initialized, skipping
Refreshing native plugins compatible for Editor in 0.43 ms, found 1 plugins.
Preloading 0 native plugins for Editor in 0.00 ms.
Unloading 1805 Unused Serialized files (Serialized files now loaded: 0)
System memory in use before: 88.1 MB.
System memory in use after: 88.1 MB.

Unloading 12 unused Assets to reduce memory usage. Loaded Objects now: 2284.
Total: 2.147400 ms (FindLiveObjects: 0.261100 ms CreateObjectMapping: 0.042600 ms MarkObjects: 1.715500 ms  DeleteObjects: 0.126800 ms)

========================================================================
Received Import Request.
  Time since last request: 26.419435 seconds.
  path: Assets/Scripts/Item.cs
  artifactKey: Guid(ac2ca2cfde08f454b87a4efe4147fe1e) Importer(815301076,1909f56bfc062723c751e8b465ee728b)
Start importing Assets/Scripts/Item.cs using Guid(ac2ca2cfde08f454b87a4efe4147fe1e) Importer(815301076,1909f56bfc062723c751e8b465ee728b)  -> (artifact id: 'bd7f1e0a3668fe26514a0136b6d8ee74') in 0.003861 seconds
  Import took 0.006516 seconds .

========================================================================
Received Import Request.
  Time since last request: 0.000637 seconds.
  path: Assets/Scripts/Item.cs
  artifactKey: Guid(ac2ca2cfde08f454b87a4efe4147fe1e) Importer(815301076,1909f56bfc062723c751e8b465ee728b)
Start importing Assets/Scripts/Item.cs using Guid(ac2ca2cfde08f454b87a4efe4147fe1e) Importer(815301076,1909f56bfc062723c751e8b465ee728b)  -> (artifact id: 'bd7f1e0a3668fe26514a0136b6d8ee74') in 0.001297 seconds
  Import took 0.003599 seconds .

========================================================================
Received Prepare
Registering precompiled user dll's ...
Registered in 0.000611 seconds.
Begin MonoManager ReloadAssembly
Native extension for WindowsStandalone target not found
Refreshing native plugins compatible for Editor in 0.40 ms, found 1 plugins.
Preloading 0 native plugins for Editor in 0.00 ms.
Mono: successfully reloaded assembly
- Completed reload, in  0.707 seconds
Platform modules already initialized, skipping
Refreshing native plugins compatible for Editor in 0.34 ms, found 1 plugins.
Preloading 0 native plugins for Editor in 0.00 ms.
Unloading 1804 Unused Serialized files (Serialized files now loaded: 0)
System memory in use before: 88.1 MB.
System memory in use after: 88.1 MB.

Unloading 13 unused Assets to reduce memory usage. Loaded Objects now: 2287.
Total: 2.179000 ms (FindLiveObjects: 0.195000 ms CreateObjectMapping: 0.048100 ms MarkObjects: 1.822400 ms  DeleteObjects: 0.112300 ms)

========================================================================
Received Prepare
Registering precompiled user dll's ...
Registered in 0.000604 seconds.
Begin MonoManager ReloadAssembly
Native extension for WindowsStandalone target not found
Refreshing native plugins compatible for Editor in 0.37 ms, found 1 plugins.
Preloading 0 native plugins for Editor in 0.00 ms.
Mono: successfully reloaded assembly
- Completed reload, in  0.675 seconds
Platform modules already initialized, skipping
Refreshing native plugins compatible for Editor in 0.39 ms, found 1 plugins.
Preloading 0 native plugins for Editor in 0.00 ms.
Unloading 1805 Unused Serialized files (Serialized files now loaded: 0)
System memory in use before: 88.1 MB.
System memory in use after: 88.1 MB.

Unloading 12 unused Assets to reduce memory usage. Loaded Objects now: 2292.
Total: 2.038400 ms (FindLiveObjects: 0.213900 ms CreateObjectMapping: 0.041100 ms MarkObjects: 1.661100 ms  DeleteObjects: 0.121400 ms)

========================================================================
Received Import Request.
  Time since last request: 583.420269 seconds.
  path: Assets/Resources/Items/Kube.asset
  artifactKey: Guid(a71c51e6571375a408596482e827920a) Importer(815301076,1909f56bfc062723c751e8b465ee728b)
Start importing Assets/Resources/Items/Kube.asset using Guid(a71c51e6571375a408596482e827920a) Importer(815301076,1909f56bfc062723c751e8b465ee728b)  -> (artifact id: 'a6431b3caba155141b84e0ae96a49189') in 0.015315 seconds
  Import took 0.018421 seconds .

========================================================================
Received Import Request.
  Time since last request: 0.000617 seconds.
  path: Assets/Resources/Items/Kube.asset
  artifactKey: Guid(a71c51e6571375a408596482e827920a) Importer(815301076,1909f56bfc062723c751e8b465ee728b)
Start importing Assets/Resources/Items/Kube.asset using Guid(a71c51e6571375a408596482e827920a) Importer(815301076,1909f56bfc062723c751e8b465ee728b)  -> (artifact id: 'a6431b3caba155141b84e0ae96a49189') in 0.001908 seconds
  Import took 0.004739 seconds .

========================================================================
Received Import Request.
  Time since last request: 18.928815 seconds.
  path: Assets/Resources/Items/Circle.asset
  artifactKey: Guid(024ca0bfaaba9874f8a11556556f5d78) Importer(815301076,1909f56bfc062723c751e8b465ee728b)
Start importing Assets/Resources/Items/Circle.asset using Guid(024ca0bfaaba9874f8a11556556f5d78) Importer(815301076,1909f56bfc062723c751e8b465ee728b)  -> (artifact id: '59c0ea3d5aebf2faf81a8d78d654b09b') in 0.001889 seconds
  Import took 0.004409 seconds .

========================================================================
Received Import Request.
  Time since last request: 12.345402 seconds.
  path: Assets/Resources/Items/Capsule.asset
  artifactKey: Guid(24805029a69b7984981eae2d19173856) Importer(815301076,1909f56bfc062723c751e8b465ee728b)
Start importing Assets/Resources/Items/Capsule.asset using Guid(24805029a69b7984981eae2d19173856) Importer(815301076,1909f56bfc062723c751e8b465ee728b)  -> (artifact id: '55eaa0b9bf9ad78cafbe2cc0b63762fd') in 0.004753 seconds
  Import took 0.007512 seconds .

========================================================================
Received Import Request.
  Time since last request: 35.595979 seconds.
  path: Assets/Scenes
  artifactKey: Guid(97a3f1329193f4e4e8d0a6da7509294e) Importer(815301076,1909f56bfc062723c751e8b465ee728b)
Start importing Assets/Scenes using Guid(97a3f1329193f4e4e8d0a6da7509294e) Importer(815301076,1909f56bfc062723c751e8b465ee728b)  -> (artifact id: '512ddf71278336f54b7b2b403abcc998') in 0.005450 seconds
  Import took 0.008166 seconds .

========================================================================
Received Import Request.
  Time since last request: 80.066410 seconds.
  path: Packages/com.unity.2d.animation/Editor/Assets/SkinningModule/Icons/Selected/Sprite_Mode@3x.png
  artifactKey: Guid(ea833d779996e3244b3b567764be9cf0) Importer(815301076,1909f56bfc062723c751e8b465ee728b)
Start importing Packages/com.unity.2d.animation/Editor/Assets/SkinningModule/Icons/Selected/Sprite_Mode@3x.png using Guid(ea833d779996e3244b3b567764be9cf0) Importer(815301076,1909f56bfc062723c751e8b465ee728b)  -> (artifact id: '5603066545baca2b06933d7f328ea141') in 0.120495 seconds
  Import took 0.123435 seconds .

========================================================================
Received Import Request.
  Time since last request: 0.000155 seconds.
  path: Packages/com.unity.2d.spriteshape/Editor/Handles/ss_playhead.png
  artifactKey: Guid(9ea72647c24be493ba6f15a9cd2a24ae) Importer(815301076,1909f56bfc062723c751e8b465ee728b)
Start importing Packages/com.unity.2d.spriteshape/Editor/Handles/ss_playhead.png using Guid(9ea72647c24be493ba6f15a9cd2a24ae) Importer(815301076,1909f56bfc062723c751e8b465ee728b)  -> (artifact id: 'df6186b654b6931a8764f6bc24a61a98') in 0.033941 seconds
  Import took 0.050183 seconds .

========================================================================
Received Import Request.
  Time since last request: 0.000160 seconds.
  path: Packages/com.unity.2d.animation/Editor/Assets/SkinningModule/Icons/Selected/Visibility_Tool@2x.png
  artifactKey: Guid(ef9977ed07c438845a52c577f4ffcc3a) Importer(815301076,1909f56bfc062723c751e8b465ee728b)
Start importing Packages/com.unity.2d.animation/Editor/Assets/SkinningModule/Icons/Selected/Visibility_Tool@2x.png using Guid(ef9977ed07c438845a52c577f4ffcc3a) Importer(815301076,1909f56bfc062723c751e8b465ee728b)  -> (artifact id: 'b83880f91acdf84d798d5d693ca54937') in 0.043724 seconds
  Import took 0.046082 seconds .

========================================================================
Received Import Request.
  Time since last request: 0.000208 seconds.
  path: Packages/com.unity.2d.animation/Editor/Assets/SkinningModule/Icons/Light/Sprite_Mode@4x.png
  artifactKey: Guid(554a30a45860f494ca38586c54b7e5d9) Importer(815301076,1909f56bfc062723c751e8b465ee728b)
Start importing Packages/com.unity.2d.animation/Editor/Assets/SkinningModule/Icons/Light/Sprite_Mode@4x.png using Guid(554a30a45860f494ca38586c54b7e5d9) Importer(815301076,1909f56bfc062723c751e8b465ee728b)  -> (artifact id: '21f0c48f20560debce6e9075622244f1') in 0.023423 seconds
  Import took 0.026241 seconds .

========================================================================
Received Import Request.
  Time since last request: 0.000182 seconds.
  path: Packages/com.unity.2d.animation/Editor/Assets/SkinningModule/Icons/Light/Visibility_Hidded@3x.png
  artifactKey: Guid(89930da27dfbbc64ba1f3baf0ae416bb) Importer(815301076,1909f56bfc062723c751e8b465ee728b)
Start importing Packages/com.unity.2d.animation/Editor/Assets/SkinningModule/Icons/Light/Visibility_Hidded@3x.png using Guid(89930da27dfbbc64ba1f3baf0ae416bb) Importer(815301076,1909f56bfc062723c751e8b465ee728b)  -> (artifact id: 'e947840f148c41256942b09380ff7b2c') in 0.019931 seconds
  Import took 0.022327 seconds .

========================================================================
Received Import Request.
  Time since last request: 0.000134 seconds.
  path: Packages/com.unity.2d.animation/Editor/Assets/SkinningModule/Icons/Selected/Sprite_Mode@4x.png
  artifactKey: Guid(2223b0a570b66ee42b3e0a79f0789b2a) Importer(815301076,1909f56bfc062723c751e8b465ee728b)
Start importing Packages/com.unity.2d.animation/Editor/Assets/SkinningModule/Icons/Selected/Sprite_Mode@4x.png using Guid(2223b0a570b66ee42b3e0a79f0789b2a) Importer(815301076,1909f56bfc062723c751e8b465ee728b)  -> (artifact id: 'c4d52c23a55f3ebc837de7dc7bb6cab4') in 0.025324 seconds
  Import took 0.027813 seconds .

========================================================================
Received Import Request.
  Time since last request: 0.000144 seconds.
  path: Packages/com.unity.2d.animation/Editor/Assets/SkinningModule/Icons/Selected/Weight_Brush@4x.png
  artifactKey: Guid(48464cd53bb3c604f999e7d3f15e8d09) Importer(815301076,1909f56bfc062723c751e8b465ee728b)
Start importing Packages/com.unity.2d.animation/Editor/Assets/SkinningModule/Icons/Selected/Weight_Brush@4x.png using Guid(48464cd53bb3c604f999e7d3f15e8d09) Importer(815301076,1909f56bfc062723c751e8b465ee728b)  -> (artifact id: '59b5570c8278803f8f776e52f9524d75') in 0.019519 seconds
  Import took 0.021860 seconds .

========================================================================
Received Import Request.
  Time since last request: 0.000162 seconds.
  path: Packages/com.unity.2d.animation/Editor/Assets/SkinningModule/Icons/Selected/Weight_Slider.png
  artifactKey: Guid(96b029a4248c85a4e8de2aa81fc0b60a) Importer(815301076,1909f56bfc062723c751e8b465ee728b)
Start importing Packages/com.unity.2d.animation/Editor/Assets/SkinningModule/Icons/Selected/Weight_Slider.png using Guid(96b029a4248c85a4e8de2aa81fc0b60a) Importer(815301076,1909f56bfc062723c751e8b465ee728b)  -> (artifact id: 'feed02407b21f7f12c6bbafc31a2a1cd') in 0.019431 seconds
  Import took 0.021885 seconds .

========================================================================
Received Import Request.
  Time since last request: 0.000158 seconds.
  path: Packages/com.unity.2d.animation/Editor/Assets/SkinningModule/Icons/Light/Visibility_Hidded.png
  artifactKey: Guid(a20f7223e2252fc4d813fc92d0f3a614) Importer(815301076,1909f56bfc062723c751e8b465ee728b)
Start importing Packages/com.unity.2d.animation/Editor/Assets/SkinningModule/Icons/Light/Visibility_Hidded.png using Guid(a20f7223e2252fc4d813fc92d0f3a614) Importer(815301076,1909f56bfc062723c751e8b465ee728b)  -> (artifact id: 'a49aed7f800e66dad3697a56d30a22ee') in 0.017424 seconds
  Import took 0.019845 seconds .

========================================================================
Received Import Request.
  Time since last request: 0.000188 seconds.
  path: Packages/com.unity.2d.animation/Editor/Assets/SkinningModule/Icons/Light/Visibility_Hidded@2x.png
  artifactKey: Guid(f3940f64802892746b2ec336d3b0c5f4) Importer(815301076,1909f56bfc062723c751e8b465ee728b)
Start importing Packages/com.unity.2d.animation/Editor/Assets/SkinningModule/Icons/Light/Visibility_Hidded@2x.png using Guid(f3940f64802892746b2ec336d3b0c5f4) Importer(815301076,1909f56bfc062723c751e8b465ee728b)  -> (artifact id: 'f978a9417270ecb4dabf78a7822469b7') in 0.013531 seconds
  Import took 0.016410 seconds .

========================================================================
Received Import Request.
  Time since last request: 0.000145 seconds.
  path: Packages/com.unity.2d.path/Editor/Handles/TangentContinuousPro.png
  artifactKey: Guid(8d4a2ded892e27742bb6d4d263639dff) Importer(815301076,1909f56bfc062723c751e8b465ee728b)
Start importing Packages/com.unity.2d.path/Editor/Handles/TangentContinuousPro.png using Guid(8d4a2ded892e27742bb6d4d263639dff) Importer(815301076,1909f56bfc062723c751e8b465ee728b)  -> (artifact id: '74b36c0b1c2ed28f65b083ae7ee22322') in 0.023525 seconds
  Import took 0.025889 seconds .

========================================================================
Received Import Request.
  Time since last request: 0.000166 seconds.
  path: Packages/com.unity.2d.animation/Editor/Assets/SkinningModule/Icons/Light/Weight_Brush.png
  artifactKey: Guid(9d026c034cfd40746a436496efe2dd7f) Importer(815301076,1909f56bfc062723c751e8b465ee728b)
Start importing Packages/com.unity.2d.animation/Editor/Assets/SkinningModule/Icons/Light/Weight_Brush.png using Guid(9d026c034cfd40746a436496efe2dd7f) Importer(815301076,1909f56bfc062723c751e8b465ee728b)  -> (artifact id: 'a4c0fc50788efee8925d9226ebba5123') in 0.012893 seconds
  Import took 0.015249 seconds .

========================================================================
Received Import Request.
  Time since last request: 0.000158 seconds.
  path: Packages/com.unity.2d.path/Editor/Handles/TangentBrokenPro.png
  artifactKey: Guid(3f0215e89d05b544d907d3a7d34fab63) Importer(815301076,1909f56bfc062723c751e8b465ee728b)
Start importing Packages/com.unity.2d.path/Editor/Handles/TangentBrokenPro.png using Guid(3f0215e89d05b544d907d3a7d34fab63) Importer(815301076,1909f56bfc062723c751e8b465ee728b)  -> (artifact id: '3c95e2ec868468323ab61086167eb1cf') in 0.038858 seconds
  Import took 0.053311 seconds .

========================================================================
Received Import Request.
  Time since last request: 0.000134 seconds.
  path: Packages/com.unity.2d.animation/Editor/Assets/SkinningModule/Icons/Light/Weight_Brush@3x.png
  artifactKey: Guid(3279d541bf75c624cbdd7179eb5559a8) Importer(815301076,1909f56bfc062723c751e8b465ee728b)
Start importing Packages/com.unity.2d.animation/Editor/Assets/SkinningModule/Icons/Light/Weight_Brush@3x.png using Guid(3279d541bf75c624cbdd7179eb5559a8) Importer(815301076,1909f56bfc062723c751e8b465ee728b)  -> (artifact id: '852ac2929ebc0b77865af1d0aa180344') in 0.022368 seconds
  Import took 0.024722 seconds .

========================================================================
Received Import Request.
  Time since last request: 0.000190 seconds.
  path: Packages/com.unity.2d.animation/Editor/Assets/SkinningModule/Icons/Light/Weight_Brush@4x.png
  artifactKey: Guid(3dd5e5c693a816e4f96b869f6465955b) Importer(815301076,1909f56bfc062723c751e8b465ee728b)
Start importing Packages/com.unity.2d.animation/Editor/Assets/SkinningModule/Icons/Light/Weight_Brush@4x.png using Guid(3dd5e5c693a816e4f96b869f6465955b) Importer(815301076,1909f56bfc062723c751e8b465ee728b)  -> (artifact id: 'e2f3595a021bd1b36341efa29a4403af') in 0.012418 seconds
  Import took 0.015284 seconds .

========================================================================
Received Import Request.
  Time since last request: 0.000146 seconds.
  path: Packages/com.unity.2d.animation/Editor/Assets/SkinningModule/Icons/Selected/Visibility_Tool@4x.png
  artifactKey: Guid(f082e69f825d0aa44b687e592731c0a8) Importer(815301076,1909f56bfc062723c751e8b465ee728b)
Start importing Packages/com.unity.2d.animation/Editor/Assets/SkinningModule/Icons/Selected/Visibility_Tool@4x.png using Guid(f082e69f825d0aa44b687e592731c0a8) Importer(815301076,1909f56bfc062723c751e8b465ee728b)  -> (artifact id: '61969abf01e210ecf6b18164b7e976c0') in 0.022930 seconds
  Import took 0.025359 seconds .

========================================================================
Received Import Request.
  Time since last request: 0.000147 seconds.
  path: Packages/com.unity.2d.animation/Editor/Assets/SkinningModule/Icons/Light/Visibility_Tool@4x.png
  artifactKey: Guid(216c53aef79eaaf40a1800cc5e542dc3) Importer(815301076,1909f56bfc062723c751e8b465ee728b)
Start importing Packages/com.unity.2d.animation/Editor/Assets/SkinningModule/Icons/Light/Visibility_Tool@4x.png using Guid(216c53aef79eaaf40a1800cc5e542dc3) Importer(815301076,1909f56bfc062723c751e8b465ee728b)  -> (artifact id: 'a9f2ad2e65412dff4b56cbf85881bbc6') in 0.018523 seconds
  Import took 0.020893 seconds .

========================================================================
Received Import Request.
  Time since last request: 0.000206 seconds.
  path: Packages/com.unity.2d.path/Editor/Handles/TangentLinearPro.png
  artifactKey: Guid(cafc16189f045f445bad6f5eb9e13541) Importer(815301076,1909f56bfc062723c751e8b465ee728b)
Start importing Packages/com.unity.2d.path/Editor/Handles/TangentLinearPro.png using Guid(cafc16189f045f445bad6f5eb9e13541) Importer(815301076,1909f56bfc062723c751e8b465ee728b)  -> (artifact id: '47c1fd92086750f7ad7aaa087e6b327d') in 0.019795 seconds
  Import took 0.022628 seconds .

========================================================================
Received Import Request.
  Time since last request: 0.000161 seconds.
  path: Packages/com.unity.2d.animation/Editor/Assets/SkinningModule/Icons/Light/Sprite_Mode@3x.png
  artifactKey: Guid(71d8b2e508f1d9947ba51013600a5eac) Importer(815301076,1909f56bfc062723c751e8b465ee728b)
Start importing Packages/com.unity.2d.animation/Editor/Assets/SkinningModule/Icons/Light/Sprite_Mode@3x.png using Guid(71d8b2e508f1d9947ba51013600a5eac) Importer(815301076,1909f56bfc062723c751e8b465ee728b)  -> (artifact id: 'a0cc094036466da2e6be2950bef689a2') in 0.019636 seconds
  Import took 0.022309 seconds .

========================================================================
Received Import Request.
  Time since last request: 0.000163 seconds.
  path: Packages/com.unity.2d.animation/Editor/Assets/SkinningModule/Icons/Light/Visibility_Tool@2x.png
  artifactKey: Guid(45c995b76b893fd4b9e8d3e0f9f6463b) Importer(815301076,1909f56bfc062723c751e8b465ee728b)
Start importing Packages/com.unity.2d.animation/Editor/Assets/SkinningModule/Icons/Light/Visibility_Tool@2x.png using Guid(45c995b76b893fd4b9e8d3e0f9f6463b) Importer(815301076,1909f56bfc062723c751e8b465ee728b)  -> (artifact id: 'ce44826a5b54c65d15d917a1bf67c28a') in 0.021362 seconds
  Import took 0.023764 seconds .

========================================================================
Received Import Request.
  Time since last request: 0.000176 seconds.
  path: Packages/com.unity.2d.sprite/Editor/ObjectMenuCreation/DefaultAssets/Textures/Square.png
  artifactKey: Guid(48e93eef0688c4a259cb0eddcd8661f7) Importer(815301076,1909f56bfc062723c751e8b465ee728b)
Start importing Packages/com.unity.2d.sprite/Editor/ObjectMenuCreation/DefaultAssets/Textures/Square.png using Guid(48e93eef0688c4a259cb0eddcd8661f7) Importer(815301076,1909f56bfc062723c751e8b465ee728b)  -> (artifact id: '9728aeb6daaa0dd3e46c240aa5d6656d') in 0.011434 seconds
  Import took 0.014258 seconds .

========================================================================
Received Import Request.
  Time since last request: 0.000140 seconds.
  path: Packages/com.unity.2d.animation/Editor/Assets/SkinningModule/Icons/Light/Visibility_Tool.png
  artifactKey: Guid(1e7c59239d2a59140b34f39ea6d4d44c) Importer(815301076,1909f56bfc062723c751e8b465ee728b)
Start importing Packages/com.unity.2d.animation/Editor/Assets/SkinningModule/Icons/Light/Visibility_Tool.png using Guid(1e7c59239d2a59140b34f39ea6d4d44c) Importer(815301076,1909f56bfc062723c751e8b465ee728b)  -> (artifact id: '6bf7f03d41139b17987829d3e0b95389') in 0.019678 seconds
  Import took 0.022085 seconds .

========================================================================
Received Import Request.
  Time since last request: 0.000180 seconds.
  path: Packages/com.unity.2d.animation/Editor/Assets/SkinningModule/Icons/Light/Weight_Brush@2x.png
  artifactKey: Guid(17d3bf7425a0748489ce3633e38652db) Importer(815301076,1909f56bfc062723c751e8b465ee728b)
Start importing Packages/com.unity.2d.animation/Editor/Assets/SkinningModule/Icons/Light/Weight_Brush@2x.png using Guid(17d3bf7425a0748489ce3633e38652db) Importer(815301076,1909f56bfc062723c751e8b465ee728b)  -> (artifact id: '5a6bf4e96735351820a00fc0fa4a334b') in 0.020624 seconds
  Import took 0.023390 seconds .

========================================================================
Received Import Request.
  Time since last request: 0.000172 seconds.
  path: Packages/com.unity.2d.animation/Editor/Assets/SkinningModule/Icons/Selected/Weight_Brush.png
  artifactKey: Guid(bf734b7184825b040837040cb93a8dc7) Importer(815301076,1909f56bfc062723c751e8b465ee728b)
Start importing Packages/com.unity.2d.animation/Editor/Assets/SkinningModule/Icons/Selected/Weight_Brush.png using Guid(bf734b7184825b040837040cb93a8dc7) Importer(815301076,1909f56bfc062723c751e8b465ee728b)  -> (artifact id: 'fda796aaac024674912fd5fe4e38f064') in 0.010756 seconds
  Import took 0.013315 seconds .

========================================================================
Received Import Request.
  Time since last request: 0.000187 seconds.
  path: Packages/com.unity.2d.animation/Editor/Assets/SkinningModule/Icons/Light/Visibility_Tool@3x.png
  artifactKey: Guid(ec23e33668eecff4aaec16f735dcc204) Importer(815301076,1909f56bfc062723c751e8b465ee728b)
Start importing Packages/com.unity.2d.animation/Editor/Assets/SkinningModule/Icons/Light/Visibility_Tool@3x.png using Guid(ec23e33668eecff4aaec16f735dcc204) Importer(815301076,1909f56bfc062723c751e8b465ee728b)  -> (artifact id: 'b1f99580b7216a0d72d448c147bcf052') in 0.013798 seconds
  Import took 0.016486 seconds .

========================================================================
Received Import Request.
  Time since last request: 0.000185 seconds.
  path: Packages/com.unity.2d.spriteshape/Editor/ObjectMenuCreation/DefaultAssets/Sprite Shapes/SpriteShapeEdge.png
  artifactKey: Guid(0ae2b74b1edd14bb18dd7b65ae916a54) Importer(815301076,1909f56bfc062723c751e8b465ee728b)
Start importing Packages/com.unity.2d.spriteshape/Editor/ObjectMenuCreation/DefaultAssets/Sprite Shapes/SpriteShapeEdge.png using Guid(0ae2b74b1edd14bb18dd7b65ae916a54) Importer(815301076,1909f56bfc062723c751e8b465ee728b)  -> (artifact id: '00df15492af6380ad6205ef57e04e0a3') in 0.022324 seconds
  Import took 0.025099 seconds .

========================================================================
Received Import Request.
  Time since last request: 0.000160 seconds.
  path: Packages/com.unity.2d.sprite/Editor/ObjectMenuCreation/DefaultAssets/Textures/SquareWithBorder.png
  artifactKey: Guid(db750325989564987a34393247d883b4) Importer(815301076,1909f56bfc062723c751e8b465ee728b)
Start importing Packages/com.unity.2d.sprite/Editor/ObjectMenuCreation/DefaultAssets/Textures/SquareWithBorder.png using Guid(db750325989564987a34393247d883b4) Importer(815301076,1909f56bfc062723c751e8b465ee728b)  -> (artifact id: '81b64f880e980d4e5669d9b04ddb4c34') in 0.020543 seconds
  Import took 0.022954 seconds .

========================================================================
Received Import Request.
  Time since last request: 0.000185 seconds.
  path: Packages/com.unity.2d.spriteshape/Editor/Handles/ss_leftrange.png
  artifactKey: Guid(9417efc47083f4a1598c1966a6345cdb) Importer(815301076,1909f56bfc062723c751e8b465ee728b)
Start importing Packages/com.unity.2d.spriteshape/Editor/Handles/ss_leftrange.png using Guid(9417efc47083f4a1598c1966a6345cdb) Importer(815301076,1909f56bfc062723c751e8b465ee728b)  -> (artifact id: 'fd707dc0f91aafbc14c4acc09c0cb625') in 0.029001 seconds
  Import took 0.031768 seconds .

========================================================================
Received Import Request.
  Time since last request: 0.000193 seconds.
  path: Packages/com.unity.2d.animation/Editor/Assets/SkinningModule/Icons/Selected/Visibility_Tool.png
  artifactKey: Guid(7342ee656932e31489ea62e64e012645) Importer(815301076,1909f56bfc062723c751e8b465ee728b)
Start importing Packages/com.unity.2d.animation/Editor/Assets/SkinningModule/Icons/Selected/Visibility_Tool.png using Guid(7342ee656932e31489ea62e64e012645) Importer(815301076,1909f56bfc062723c751e8b465ee728b)  -> (artifact id: '0b9d48a95b13314dfa33c353e298e6c2') in 0.011954 seconds
  Import took 0.014796 seconds .

========================================================================
Received Import Request.
  Time since last request: 0.000154 seconds.
  path: Packages/com.unity.2d.spriteshape/Editor/Handles/ss_rightrange.png
  artifactKey: Guid(ee5df01235032491c8b180741ea820fe) Importer(815301076,1909f56bfc062723c751e8b465ee728b)
Start importing Packages/com.unity.2d.spriteshape/Editor/Handles/ss_rightrange.png using Guid(ee5df01235032491c8b180741ea820fe) Importer(815301076,1909f56bfc062723c751e8b465ee728b)  -> (artifact id: 'b3dc1893add1777de70e8a7e5c43fdd8') in 0.011111 seconds
  Import took 0.013769 seconds .

========================================================================
Received Import Request.
  Time since last request: 0.000167 seconds.
  path: Packages/com.unity.2d.path/Editor/Handles/TangentLinear.png
  artifactKey: Guid(a728d9332cba5f448a36350199dc573b) Importer(815301076,1909f56bfc062723c751e8b465ee728b)
Start importing Packages/com.unity.2d.path/Editor/Handles/TangentLinear.png using Guid(a728d9332cba5f448a36350199dc573b) Importer(815301076,1909f56bfc062723c751e8b465ee728b)  -> (artifact id: 'd3fb32041a532132ab0b6e341b9f525d') in 0.012452 seconds
  Import took 0.014908 seconds .

========================================================================
Received Import Request.
  Time since last request: 0.000171 seconds.
  path: Packages/com.unity.2d.animation/Editor/Assets/SkinningModule/Icons/Selected/Weight_Brush@2x.png
  artifactKey: Guid(bb668641abe10a64891e26613cf530ee) Importer(815301076,1909f56bfc062723c751e8b465ee728b)
Start importing Packages/com.unity.2d.animation/Editor/Assets/SkinningModule/Icons/Selected/Weight_Brush@2x.png using Guid(bb668641abe10a64891e26613cf530ee) Importer(815301076,1909f56bfc062723c751e8b465ee728b)  -> (artifact id: 'b48a4ab2a0a32a76c08c61df96455a78') in 0.012642 seconds
  Import took 0.015316 seconds .

========================================================================
Received Import Request.
  Time since last request: 0.000160 seconds.
  path: Packages/com.unity.2d.animation/Editor/Assets/SkinningModule/Icons/Light/Visibility_Hidded@4x.png
  artifactKey: Guid(f469f8253737d534ca7809ae6f0d2422) Importer(815301076,1909f56bfc062723c751e8b465ee728b)
Start importing Packages/com.unity.2d.animation/Editor/Assets/SkinningModule/Icons/Light/Visibility_Hidded@4x.png using Guid(f469f8253737d534ca7809ae6f0d2422) Importer(815301076,1909f56bfc062723c751e8b465ee728b)  -> (artifact id: 'c5083b3ad2c75626fe1756e4d5ebc29d') in 0.011911 seconds
  Import took 0.014290 seconds .

========================================================================
Received Import Request.
  Time since last request: 0.000166 seconds.
  path: Packages/com.unity.2d.animation/Editor/Assets/SkinningModule/Icons/Selected/Visibility_Tool@3x.png
  artifactKey: Guid(8004118ba4145a74e823fedaa37acf3a) Importer(815301076,1909f56bfc062723c751e8b465ee728b)
Start importing Packages/com.unity.2d.animation/Editor/Assets/SkinningModule/Icons/Selected/Visibility_Tool@3x.png using Guid(8004118ba4145a74e823fedaa37acf3a) Importer(815301076,1909f56bfc062723c751e8b465ee728b)  -> (artifact id: '778b8e6da4600459e14b7d716ed3842d') in 0.018469 seconds
  Import took 0.020880 seconds .

========================================================================
Received Import Request.
  Time since last request: 0.000206 seconds.
  path: Packages/com.unity.2d.path/Editor/Handles/TangentBroken.png
  artifactKey: Guid(b370d25fdf6f8914287e27c0c3dede6a) Importer(815301076,1909f56bfc062723c751e8b465ee728b)
Start importing Packages/com.unity.2d.path/Editor/Handles/TangentBroken.png using Guid(b370d25fdf6f8914287e27c0c3dede6a) Importer(815301076,1909f56bfc062723c751e8b465ee728b)  -> (artifact id: 'd3e0efaff3cb444bf5f95e30deaa059b') in 0.012547 seconds
  Import took 0.015554 seconds .

========================================================================
Received Import Request.
  Time since last request: 0.000181 seconds.
  path: Packages/com.unity.2d.animation/Editor/Assets/SkinningModule/Icons/Selected/Weight_Brush@3x.png
  artifactKey: Guid(3e6e6fbbd946d0541923f45f4eaa2cf1) Importer(815301076,1909f56bfc062723c751e8b465ee728b)
Start importing Packages/com.unity.2d.animation/Editor/Assets/SkinningModule/Icons/Selected/Weight_Brush@3x.png using Guid(3e6e6fbbd946d0541923f45f4eaa2cf1) Importer(815301076,1909f56bfc062723c751e8b465ee728b)  -> (artifact id: '30871be02182698e1d18466a8d7f3c6a') in 0.011048 seconds
  Import took 0.013638 seconds .

========================================================================
Received Import Request.
  Time since last request: 0.000177 seconds.
  path: Packages/com.unity.2d.path/Editor/Handles/TangentContinuous.png
  artifactKey: Guid(229e750703f3e824ca71ddd16a5e36be) Importer(815301076,1909f56bfc062723c751e8b465ee728b)
Start importing Packages/com.unity.2d.path/Editor/Handles/TangentContinuous.png using Guid(229e750703f3e824ca71ddd16a5e36be) Importer(815301076,1909f56bfc062723c751e8b465ee728b)  -> (artifact id: '0dc0c094fd5d3e8242df4169fde6db97') in 0.017250 seconds
  Import took 0.019692 seconds .

========================================================================
Received Import Request.
  Time since last request: 152.984000 seconds.
  path: Assets/Resources/Prefabs/weapon_bow.png
  artifactKey: Guid(6f63f235b32f2754f9eab5e6673de739) Importer(815301076,1909f56bfc062723c751e8b465ee728b)
Start importing Assets/Resources/Prefabs/weapon_bow.png using Guid(6f63f235b32f2754f9eab5e6673de739) Importer(815301076,1909f56bfc062723c751e8b465ee728b)  -> (artifact id: '67bda27c88a9873782a75b2b7ae72f53') in 0.024537 seconds
  Import took 0.027386 seconds .

========================================================================
Received Import Request.
  Time since last request: 0.000198 seconds.
  path: Assets/Resources/Prefabs/weapon_hammer.png
  artifactKey: Guid(50590ade9fc7cc74aab3c320c4497544) Importer(815301076,1909f56bfc062723c751e8b465ee728b)
Start importing Assets/Resources/Prefabs/weapon_hammer.png using Guid(50590ade9fc7cc74aab3c320c4497544) Importer(815301076,1909f56bfc062723c751e8b465ee728b)  -> (artifact id: 'fe9839abc9dddc392b88dd0ad692c3eb') in 0.028213 seconds
  Import took 0.030557 seconds .

========================================================================
Received Import Request.
  Time since last request: 0.000161 seconds.
  path: Assets/Resources/Prefabs/world_arrow_basic.png
  artifactKey: Guid(4d68c978df8cc9b41b279934f84efc79) Importer(815301076,1909f56bfc062723c751e8b465ee728b)
Start importing Assets/Resources/Prefabs/world_arrow_basic.png using Guid(4d68c978df8cc9b41b279934f84efc79) Importer(815301076,1909f56bfc062723c751e8b465ee728b)  -> (artifact id: 'c8b2b20157d53c24aa8e037d13868e9b') in 0.009305 seconds
  Import took 0.011754 seconds .

========================================================================
Received Import Request.
  Time since last request: 15.365210 seconds.
  path: Assets/Resources/Items/Arrow.asset
  artifactKey: Guid(a71c51e6571375a408596482e827920a) Importer(815301076,1909f56bfc062723c751e8b465ee728b)
Start importing Assets/Resources/Items/Arrow.asset using Guid(a71c51e6571375a408596482e827920a) Importer(815301076,1909f56bfc062723c751e8b465ee728b)  -> (artifact id: 'd41332a1a8e10aece0669680136f079a') in 0.004989 seconds
  Import took 0.007888 seconds .

========================================================================
Received Import Request.
  Time since last request: 49.657812 seconds.
  path: Assets/Resources/Prefabs/weapon_hammer.png
  artifactKey: Guid(50590ade9fc7cc74aab3c320c4497544) Importer(815301076,1909f56bfc062723c751e8b465ee728b)
Start importing Assets/Resources/Prefabs/weapon_hammer.png using Guid(50590ade9fc7cc74aab3c320c4497544) Importer(815301076,1909f56bfc062723c751e8b465ee728b)  -> (artifact id: '3a944d48243a0f760d7b70dd6e831230') in 0.021587 seconds
  Import took 0.024457 seconds .

========================================================================
Received Import Request.
  Time since last request: 10.886580 seconds.
  path: Assets/Resources/Prefabs/weapon_hammer.png
  artifactKey: Guid(50590ade9fc7cc74aab3c320c4497544) Importer(815301076,1909f56bfc062723c751e8b465ee728b)
Start importing Assets/Resources/Prefabs/weapon_hammer.png using Guid(50590ade9fc7cc74aab3c320c4497544) Importer(815301076,1909f56bfc062723c751e8b465ee728b)  -> (artifact id: '0105c5523ed739c5d8ed815d67303911') in 0.209160 seconds
  Import took 0.212243 seconds .

========================================================================
Received Import Request.
  Time since last request: 15.083215 seconds.
  path: Assets/Resources/Items/Hammer.asset
  artifactKey: Guid(24805029a69b7984981eae2d19173856) Importer(815301076,1909f56bfc062723c751e8b465ee728b)
Start importing Assets/Resources/Items/Hammer.asset using Guid(24805029a69b7984981eae2d19173856) Importer(815301076,1909f56bfc062723c751e8b465ee728b)  -> (artifact id: 'a4b5d638e5d8d1f80ef9bbd32983f9fc') in 0.005578 seconds
  Import took 0.008482 seconds .

========================================================================
Received Import Request.
  Time since last request: 64.910150 seconds.
  path: Assets/Resources/Prefabs/weapon_bow.png
  artifactKey: Guid(6f63f235b32f2754f9eab5e6673de739) Importer(815301076,1909f56bfc062723c751e8b465ee728b)
Start importing Assets/Resources/Prefabs/weapon_bow.png using Guid(6f63f235b32f2754f9eab5e6673de739) Importer(815301076,1909f56bfc062723c751e8b465ee728b)  -> (artifact id: '9e69ec454d3fabd76ac1df3c6bcec258') in 0.009158 seconds
  Import took 0.011956 seconds .

========================================================================
Received Import Request.
  Time since last request: 0.000157 seconds.
  path: Assets/Resources/Prefabs/weapon_hammer.png
  artifactKey: Guid(50590ade9fc7cc74aab3c320c4497544) Importer(815301076,1909f56bfc062723c751e8b465ee728b)
Start importing Assets/Resources/Prefabs/weapon_hammer.png using Guid(50590ade9fc7cc74aab3c320c4497544) Importer(815301076,1909f56bfc062723c751e8b465ee728b)  -> (artifact id: 'f8fb76244c11104d48910777b8739c48') in 0.116840 seconds
  Import took 0.119672 seconds .

========================================================================
Received Import Request.
  Time since last request: 0.000142 seconds.
  path: Assets/Resources/Prefabs/world_arrow_basic.png
  artifactKey: Guid(4d68c978df8cc9b41b279934f84efc79) Importer(815301076,1909f56bfc062723c751e8b465ee728b)
Start importing Assets/Resources/Prefabs/world_arrow_basic.png using Guid(4d68c978df8cc9b41b279934f84efc79) Importer(815301076,1909f56bfc062723c751e8b465ee728b)  -> (artifact id: '1ffed494b65f881b21cd0ded8d1df000') in 0.004810 seconds
  Import took 0.007101 seconds .

========================================================================
Received Import Request.
  Time since last request: 42.329448 seconds.
  path: Assets/Resources/Prefabs/9-Sliced.png
  artifactKey: Guid(4fbc983d504bf2445ab079cde6109862) Importer(815301076,1909f56bfc062723c751e8b465ee728b)
Start importing Assets/Resources/Prefabs/9-Sliced.png using Guid(4fbc983d504bf2445ab079cde6109862) Importer(815301076,1909f56bfc062723c751e8b465ee728b)  -> (artifact id: 'df299aa24282dd067890d14f1b764205') in 0.011946 seconds
  Import took 0.014859 seconds .

========================================================================
Received Import Request.
  Time since last request: 32.657332 seconds.
  path: Assets/Resources/Prefabs/rockets_PNG13283.png
  artifactKey: Guid(8a8cf69f5b106bb40b44620faf1fe18d) Importer(815301076,1909f56bfc062723c751e8b465ee728b)
Start importing Assets/Resources/Prefabs/rockets_PNG13283.png using Guid(8a8cf69f5b106bb40b44620faf1fe18d) Importer(815301076,1909f56bfc062723c751e8b465ee728b)  -> (artifact id: '6ba7b46a6a4c7565370d2ee29d710af4') in 0.013290 seconds
  Import took 0.016133 seconds .

========================================================================
Received Import Request.
  Time since last request: 21.910973 seconds.
  path: Assets/Resources/Prefabs/frame-1.png
  artifactKey: Guid(fbb1aaa117f0fda4dab72254d96eb348) Importer(815301076,1909f56bfc062723c751e8b465ee728b)
Start importing Assets/Resources/Prefabs/frame-1.png using Guid(fbb1aaa117f0fda4dab72254d96eb348) Importer(815301076,1909f56bfc062723c751e8b465ee728b)  -> (artifact id: '18cb5c0e1823d113a462556f26ba69f4') in 0.011846 seconds
  Import took 0.014761 seconds .

========================================================================
Received Import Request.
  Time since last request: 8.382801 seconds.
  path: Assets/Resources/Items/Arrow.asset
  artifactKey: Guid(a71c51e6571375a408596482e827920a) Importer(815301076,1909f56bfc062723c751e8b465ee728b)
Start importing Assets/Resources/Items/Arrow.asset using Guid(a71c51e6571375a408596482e827920a) Importer(815301076,1909f56bfc062723c751e8b465ee728b)  -> (artifact id: '97280437718b99e25219b93437dbef94') in 0.002101 seconds
  Import took 0.004697 seconds .

========================================================================
Received Import Request.
  Time since last request: 0.000159 seconds.
  path: Assets/Resources/Items/Hammer.asset
  artifactKey: Guid(24805029a69b7984981eae2d19173856) Importer(815301076,1909f56bfc062723c751e8b465ee728b)
Start importing Assets/Resources/Items/Hammer.asset using Guid(24805029a69b7984981eae2d19173856) Importer(815301076,1909f56bfc062723c751e8b465ee728b)  -> (artifact id: '258fb8c1797147cd3063e0159110c0fe') in 0.001486 seconds
  Import took 0.003379 seconds .

========================================================================
Received Import Request.
  Time since last request: 5.294754 seconds.
  path: Assets/Resources/Items/Man.asset
  artifactKey: Guid(024ca0bfaaba9874f8a11556556f5d78) Importer(815301076,1909f56bfc062723c751e8b465ee728b)
Start importing Assets/Resources/Items/Man.asset using Guid(024ca0bfaaba9874f8a11556556f5d78) Importer(815301076,1909f56bfc062723c751e8b465ee728b)  -> (artifact id: '92da687c0f5f672424152feb650c6e9e') in 0.004861 seconds
  Import took 0.007666 seconds .

========================================================================
Received Import Request.
  Time since last request: 9.648127 seconds.
  path: Assets/Resources/Items/Rocet.asset
  artifactKey: Guid(24805029a69b7984981eae2d19173856) Importer(815301076,1909f56bfc062723c751e8b465ee728b)
Start importing Assets/Resources/Items/Rocet.asset using Guid(24805029a69b7984981eae2d19173856) Importer(815301076,1909f56bfc062723c751e8b465ee728b)  -> (artifact id: '7e4e829716c549e677f38be15faac0f4') in 0.005287 seconds
  Import took 0.008234 seconds .

========================================================================
Received Import Request.
  Time since last request: 11.871208 seconds.
  path: Assets/Resources/Items/Rokcet.asset
  artifactKey: Guid(24805029a69b7984981eae2d19173856) Importer(815301076,1909f56bfc062723c751e8b465ee728b)
Start importing Assets/Resources/Items/Rokcet.asset using Guid(24805029a69b7984981eae2d19173856) Importer(815301076,1909f56bfc062723c751e8b465ee728b)  -> (artifact id: 'b8abfe19aa98f53222f1d910f0df6a45') in 0.005568 seconds
  Import took 0.008739 seconds .

========================================================================
Received Import Request.
  Time since last request: 9.761609 seconds.
  path: Assets/Resources/Items/Man.asset
  artifactKey: Guid(024ca0bfaaba9874f8a11556556f5d78) Importer(815301076,1909f56bfc062723c751e8b465ee728b)
Start importing Assets/Resources/Items/Man.asset using Guid(024ca0bfaaba9874f8a11556556f5d78) Importer(815301076,1909f56bfc062723c751e8b465ee728b)  -> (artifact id: 'bd1895ef0ab361ef8678e737cea9ef2e') in 0.002747 seconds
  Import took 0.005660 seconds .

========================================================================
Received Import Request.
  Time since last request: 0.000165 seconds.
  path: Assets/Resources/Items/Rokcet.asset
  artifactKey: Guid(24805029a69b7984981eae2d19173856) Importer(815301076,1909f56bfc062723c751e8b465ee728b)
Start importing Assets/Resources/Items/Rokcet.asset using Guid(24805029a69b7984981eae2d19173856) Importer(815301076,1909f56bfc062723c751e8b465ee728b)  -> (artifact id: '3fdd2d3fafbf222fa05716343a905a8c') in 0.002088 seconds
  Import took 0.004243 seconds .

========================================================================
Received Import Request.
  Time since last request: 31.714050 seconds.
  path: Assets/Scenes/SampleScene.unity
  artifactKey: Guid(2cda990e2423bbf4892e6590ba056729) Importer(815301076,1909f56bfc062723c751e8b465ee728b)
Start importing Assets/Scenes/SampleScene.unity using Guid(2cda990e2423bbf4892e6590ba056729) Importer(815301076,1909f56bfc062723c751e8b465ee728b)  -> (artifact id: '55d65d5fff917f2d1ced4e7ecabd3689') in 0.005070 seconds
  Import took 0.007859 seconds .

========================================================================
Received Import Request.
  Time since last request: 1.655527 seconds.
  path: Assets/Scenes/123.unity
  artifactKey: Guid(eb8f437ba0061a64dae038ee97b81a1d) Importer(815301076,1909f56bfc062723c751e8b465ee728b)
Start importing Assets/Scenes/123.unity using Guid(eb8f437ba0061a64dae038ee97b81a1d) Importer(815301076,1909f56bfc062723c751e8b465ee728b)  -> (artifact id: 'ea08bb1348764993a6eb48ad469eb289') in 0.005177 seconds
  Import took 0.007905 seconds .

========================================================================
Received Prepare
Registering precompiled user dll's ...
Registered in 0.000614 seconds.
Begin MonoManager ReloadAssembly
Native extension for WindowsStandalone target not found
Refreshing native plugins compatible for Editor in 0.37 ms, found 1 plugins.
Preloading 0 native plugins for Editor in 0.00 ms.
Mono: successfully reloaded assembly
- Completed reload, in  0.669 seconds
Platform modules already initialized, skipping
Refreshing native plugins compatible for Editor in 0.35 ms, found 1 plugins.
Preloading 0 native plugins for Editor in 0.00 ms.
Unloading 1805 Unused Serialized files (Serialized files now loaded: 0)
System memory in use before: 88.6 MB.
System memory in use after: 88.6 MB.

Unloading 12 unused Assets to reduce memory usage. Loaded Objects now: 2415.
Total: 2.001300 ms (FindLiveObjects: 0.246000 ms CreateObjectMapping: 0.042400 ms MarkObjects: 1.598100 ms  DeleteObjects: 0.114000 ms)

========================================================================
Received Prepare
Registering precompiled user dll's ...
Registered in 0.000579 seconds.
Begin MonoManager ReloadAssembly
Native extension for WindowsStandalone target not found
Refreshing native plugins compatible for Editor in 0.43 ms, found 1 plugins.
Preloading 0 native plugins for Editor in 0.00 ms.
Mono: successfully reloaded assembly
- Completed reload, in  0.662 seconds
Platform modules already initialized, skipping
Refreshing native plugins compatible for Editor in 0.38 ms, found 1 plugins.
Preloading 0 native plugins for Editor in 0.00 ms.
Unloading 1805 Unused Serialized files (Serialized files now loaded: 0)
System memory in use before: 88.6 MB.
System memory in use after: 88.6 MB.

Unloading 12 unused Assets to reduce memory usage. Loaded Objects now: 2419.
Total: 1.994300 ms (FindLiveObjects: 0.266400 ms CreateObjectMapping: 0.040400 ms MarkObjects: 1.580500 ms  DeleteObjects: 0.106100 ms)

========================================================================
Received Import Request.
  Time since last request: 670.142627 seconds.
  path: Assets/Scripts/Inventory.cs
  artifactKey: Guid(c4eecf74dd58a6a4e84bfeb954b253c4) Importer(815301076,1909f56bfc062723c751e8b465ee728b)
Start importing Assets/Scripts/Inventory.cs using Guid(c4eecf74dd58a6a4e84bfeb954b253c4) Importer(815301076,1909f56bfc062723c751e8b465ee728b)  -> (artifact id: '5ba2d88d4f9ee852b48caa1638f8e1ba') in 0.008780 seconds
  Import took 0.019721 seconds .

========================================================================
Received Import Request.
  Time since last request: 0.001915 seconds.
  path: Assets/Scripts/Inventory.cs
  artifactKey: Guid(c4eecf74dd58a6a4e84bfeb954b253c4) Importer(815301076,1909f56bfc062723c751e8b465ee728b)
Start importing Assets/Scripts/Inventory.cs using Guid(c4eecf74dd58a6a4e84bfeb954b253c4) Importer(815301076,1909f56bfc062723c751e8b465ee728b)  -> (artifact id: '5ba2d88d4f9ee852b48caa1638f8e1ba') in 0.001869 seconds
  Import took 0.005391 seconds .

========================================================================
Received Prepare
Registering precompiled user dll's ...
Registered in 0.000623 seconds.
Begin MonoManager ReloadAssembly
Native extension for WindowsStandalone target not found
Refreshing native plugins compatible for Editor in 0.36 ms, found 1 plugins.
Preloading 0 native plugins for Editor in 0.00 ms.
Mono: successfully reloaded assembly
- Completed reload, in  0.676 seconds
Platform modules already initialized, skipping
Refreshing native plugins compatible for Editor in 0.31 ms, found 1 plugins.
Preloading 0 native plugins for Editor in 0.00 ms.
Unloading 1806 Unused Serialized files (Serialized files now loaded: 0)
System memory in use before: 88.6 MB.
System memory in use after: 88.6 MB.

Unloading 12 unused Assets to reduce memory usage. Loaded Objects now: 2424.
Total: 2.134200 ms (FindLiveObjects: 0.319900 ms CreateObjectMapping: 0.054700 ms MarkObjects: 1.640800 ms  DeleteObjects: 0.117400 ms)

========================================================================
Received Import Request.
  Time since last request: 303.007788 seconds.
  path: Assets/Scripts/Inventory.cs
  artifactKey: Guid(c4eecf74dd58a6a4e84bfeb954b253c4) Importer(815301076,1909f56bfc062723c751e8b465ee728b)
Start importing Assets/Scripts/Inventory.cs using Guid(c4eecf74dd58a6a4e84bfeb954b253c4) Importer(815301076,1909f56bfc062723c751e8b465ee728b)  -> (artifact id: '1d71f268823a678d814b9cf99181a5f6') in 0.004206 seconds
  Import took 0.007091 seconds .

========================================================================
Received Import Request.
  Time since last request: 3.976774 seconds.
  path: Assets/Scripts/InventoryItemPresenter.cs
  artifactKey: Guid(f3683e5e7701cb14cbcd6ff5d0a975c9) Importer(815301076,1909f56bfc062723c751e8b465ee728b)
Start importing Assets/Scripts/InventoryItemPresenter.cs using Guid(f3683e5e7701cb14cbcd6ff5d0a975c9) Importer(815301076,1909f56bfc062723c751e8b465ee728b)  -> (artifact id: '4d80716ad3dfffc84a936326e418aec1') in 0.004733 seconds
  Import took 0.007561 seconds .

========================================================================
Received Import Request.
  Time since last request: 28.340500 seconds.
  path: Assets/Scripts/IItem.cs
  artifactKey: Guid(8562ff9a91b572044b8f08bfe97faf2f) Importer(815301076,1909f56bfc062723c751e8b465ee728b)
Start importing Assets/Scripts/IItem.cs using Guid(8562ff9a91b572044b8f08bfe97faf2f) Importer(815301076,1909f56bfc062723c751e8b465ee728b)  -> (artifact id: '179f9348c015b4bbcc2713785a1228a1') in 0.004645 seconds
  Import took 0.007352 seconds .

========================================================================
Received Import Request.
  Time since last request: 0.346601 seconds.
  path: Assets/Scripts/AssetItem.cs
  artifactKey: Guid(fabbcbd76ffdb5341b79bc50e7ffc902) Importer(815301076,1909f56bfc062723c751e8b465ee728b)
Start importing Assets/Scripts/AssetItem.cs using Guid(fabbcbd76ffdb5341b79bc50e7ffc902) Importer(815301076,1909f56bfc062723c751e8b465ee728b)  -> (artifact id: '409ea4685cac3a238709123de46e26d8') in 0.005161 seconds
  Import took 0.008186 seconds .

========================================================================
Received Import Request.
  Time since last request: 0.001190 seconds.
  path: Assets/Scripts/AssetItem.cs
  artifactKey: Guid(fabbcbd76ffdb5341b79bc50e7ffc902) Importer(815301076,1909f56bfc062723c751e8b465ee728b)
Start importing Assets/Scripts/AssetItem.cs using Guid(fabbcbd76ffdb5341b79bc50e7ffc902) Importer(815301076,1909f56bfc062723c751e8b465ee728b)  -> (artifact id: '409ea4685cac3a238709123de46e26d8') in 0.001581 seconds
  Import took 0.003839 seconds .

========================================================================
Received Prepare
Registering precompiled user dll's ...
Registered in 0.000670 seconds.
Begin MonoManager ReloadAssembly
Native extension for WindowsStandalone target not found
Refreshing native plugins compatible for Editor in 0.36 ms, found 1 plugins.
Preloading 0 native plugins for Editor in 0.00 ms.
Mono: successfully reloaded assembly
- Completed reload, in  0.679 seconds
Platform modules already initialized, skipping
Refreshing native plugins compatible for Editor in 0.30 ms, found 1 plugins.
Preloading 0 native plugins for Editor in 0.00 ms.
Unloading 1807 Unused Serialized files (Serialized files now loaded: 0)
System memory in use before: 88.7 MB.
System memory in use after: 88.6 MB.

Unloading 12 unused Assets to reduce memory usage. Loaded Objects now: 2429.
Total: 2.145000 ms (FindLiveObjects: 0.203400 ms CreateObjectMapping: 0.040400 ms MarkObjects: 1.783500 ms  DeleteObjects: 0.116400 ms)

========================================================================
Received Import Request.
  Time since last request: 715.074511 seconds.
  path: Assets/Resources/Items/Arrow.asset
  artifactKey: Guid(a71c51e6571375a408596482e827920a) Importer(815301076,1909f56bfc062723c751e8b465ee728b)
Start importing Assets/Resources/Items/Arrow.asset using Guid(a71c51e6571375a408596482e827920a) Importer(815301076,1909f56bfc062723c751e8b465ee728b)  -> (artifact id: '9b34adff0ccb889d7fc095329faa02fb') in 0.010304 seconds
  Import took 0.013117 seconds .

========================================================================
Received Import Request.
  Time since last request: 0.000152 seconds.
  path: Assets/Resources/Items/Rokcet.asset
  artifactKey: Guid(24805029a69b7984981eae2d19173856) Importer(815301076,1909f56bfc062723c751e8b465ee728b)
Start importing Assets/Resources/Items/Rokcet.asset using Guid(24805029a69b7984981eae2d19173856) Importer(815301076,1909f56bfc062723c751e8b465ee728b)  -> (artifact id: '2250aa52cdc0c728e8c575b230132cb5') in 0.005127 seconds
  Import took 0.007500 seconds .

========================================================================
Received Import Request.
  Time since last request: 0.000164 seconds.
  path: Assets/Resources/Items/Man.asset
  artifactKey: Guid(024ca0bfaaba9874f8a11556556f5d78) Importer(815301076,1909f56bfc062723c751e8b465ee728b)
Start importing Assets/Resources/Items/Man.asset using Guid(024ca0bfaaba9874f8a11556556f5d78) Importer(815301076,1909f56bfc062723c751e8b465ee728b)  -> (artifact id: '9814f963d432328bdf5dbae4b0094452') in 0.002769 seconds
  Import took 0.004994 seconds .

========================================================================
Received Import Request.
  Time since last request: 45.879560 seconds.
  path: Assets/Scripts/InventoryItemPresenter.cs
  artifactKey: Guid(f3683e5e7701cb14cbcd6ff5d0a975c9) Importer(815301076,1909f56bfc062723c751e8b465ee728b)
Start importing Assets/Scripts/InventoryItemPresenter.cs using Guid(f3683e5e7701cb14cbcd6ff5d0a975c9) Importer(815301076,1909f56bfc062723c751e8b465ee728b)  -> (artifact id: 'a262d1d870ff8cd44059abf656fb25b3') in 0.001580 seconds
  Import took 0.004093 seconds .

========================================================================
Received Import Request.
  Time since last request: 0.000330 seconds.
  path: Assets/Scripts/InventoryItemPresenter.cs
  artifactKey: Guid(f3683e5e7701cb14cbcd6ff5d0a975c9) Importer(815301076,1909f56bfc062723c751e8b465ee728b)
Start importing Assets/Scripts/InventoryItemPresenter.cs using Guid(f3683e5e7701cb14cbcd6ff5d0a975c9) Importer(815301076,1909f56bfc062723c751e8b465ee728b)  -> (artifact id: 'a262d1d870ff8cd44059abf656fb25b3') in 0.001110 seconds
  Import took 0.003008 seconds .

========================================================================
Received Import Request.
  Time since last request: 128.183458 seconds.
  path: Assets/Resources/Prefabs/InventoryItemPresenter.prefab
  artifactKey: Guid(6621c217ca0dadc40b34f468aa8ead7d) Importer(815301076,1909f56bfc062723c751e8b465ee728b)
Start importing Assets/Resources/Prefabs/InventoryItemPresenter.prefab using Guid(6621c217ca0dadc40b34f468aa8ead7d) Importer(815301076,1909f56bfc062723c751e8b465ee728b)  -> (artifact id: '927b26448b9eb0f09650ff8964375a26') in 0.019234 seconds
  Import took 0.022124 seconds .

========================================================================
Received Import Request.
  Time since last request: 14.874783 seconds.
  path: Assets/Resources/Images
  artifactKey: Guid(42aa5294f65328e418b639c23345225d) Importer(815301076,1909f56bfc062723c751e8b465ee728b)
Start importing Assets/Resources/Images using Guid(42aa5294f65328e418b639c23345225d) Importer(815301076,1909f56bfc062723c751e8b465ee728b)  -> (artifact id: '74932d94e03a58bc985329976b2ee6db') in 0.004992 seconds
  Import took 0.007799 seconds .

========================================================================
Received Prepare
Registering precompiled user dll's ...
Registered in 0.000501 seconds.
Begin MonoManager ReloadAssembly
Native extension for WindowsStandalone target not found
Refreshing native plugins compatible for Editor in 0.36 ms, found 1 plugins.
Preloading 0 native plugins for Editor in 0.00 ms.
Mono: successfully reloaded assembly
- Completed reload, in  0.652 seconds
Platform modules already initialized, skipping
Refreshing native plugins compatible for Editor in 0.33 ms, found 1 plugins.
Preloading 0 native plugins for Editor in 0.00 ms.
Unloading 1807 Unused Serialized files (Serialized files now loaded: 0)
System memory in use before: 88.7 MB.
System memory in use after: 88.7 MB.

Unloading 12 unused Assets to reduce memory usage. Loaded Objects now: 2435.
Total: 1.927900 ms (FindLiveObjects: 0.194200 ms CreateObjectMapping: 0.041000 ms MarkObjects: 1.577700 ms  DeleteObjects: 0.114300 ms)

========================================================================
Received Prepare
Registering precompiled user dll's ...
Registered in 0.000616 seconds.
Begin MonoManager ReloadAssembly
Native extension for WindowsStandalone target not found
Refreshing native plugins compatible for Editor in 0.37 ms, found 1 plugins.
Preloading 0 native plugins for Editor in 0.00 ms.
Mono: successfully reloaded assembly
- Completed reload, in  0.667 seconds
Platform modules already initialized, skipping
Refreshing native plugins compatible for Editor in 0.33 ms, found 1 plugins.
Preloading 0 native plugins for Editor in 0.00 ms.
Unloading 1807 Unused Serialized files (Serialized files now loaded: 0)
System memory in use before: 88.7 MB.
System memory in use after: 88.7 MB.

Unloading 12 unused Assets to reduce memory usage. Loaded Objects now: 2439.
Total: 1.936300 ms (FindLiveObjects: 0.206700 ms CreateObjectMapping: 0.040500 ms MarkObjects: 1.549900 ms  DeleteObjects: 0.138400 ms)

========================================================================
Received Import Request.
  Time since last request: 125.667965 seconds.
  path: Assets/Resources/Prefabs/InventoryItemPresenter.prefab
  artifactKey: Guid(6621c217ca0dadc40b34f468aa8ead7d) Importer(815301076,1909f56bfc062723c751e8b465ee728b)
Start importing Assets/Resources/Prefabs/InventoryItemPresenter.prefab using Guid(6621c217ca0dadc40b34f468aa8ead7d) Importer(815301076,1909f56bfc062723c751e8b465ee728b)  -> (artifact id: '8954fc6cf2893cd85782e717310c2346') in 0.026141 seconds
  Import took 0.029195 seconds .

========================================================================
Received Import Request.
  Time since last request: 56.250300 seconds.
  path: Assets/Resources/Items/Arrow.asset
  artifactKey: Guid(a71c51e6571375a408596482e827920a) Importer(815301076,1909f56bfc062723c751e8b465ee728b)
Start importing Assets/Resources/Items/Arrow.asset using Guid(a71c51e6571375a408596482e827920a) Importer(815301076,1909f56bfc062723c751e8b465ee728b)  -> (artifact id: '070e75593e3ee6fe889711c7dbbd1a05') in 0.002383 seconds
  Import took 0.005024 seconds .

========================================================================
Received Import Request.
  Time since last request: 0.000149 seconds.
  path: Assets/Resources/Items/Rokcet.asset
  artifactKey: Guid(24805029a69b7984981eae2d19173856) Importer(815301076,1909f56bfc062723c751e8b465ee728b)
Start importing Assets/Resources/Items/Rokcet.asset using Guid(24805029a69b7984981eae2d19173856) Importer(815301076,1909f56bfc062723c751e8b465ee728b)  -> (artifact id: 'e8e8c542a589ad77f9ec29c9334457ca') in 0.001726 seconds
  Import took 0.004005 seconds .

========================================================================
Received Import Request.
  Time since last request: 0.000135 seconds.
  path: Assets/Resources/Items/Man.asset
  artifactKey: Guid(024ca0bfaaba9874f8a11556556f5d78) Importer(815301076,1909f56bfc062723c751e8b465ee728b)
Start importing Assets/Resources/Items/Man.asset using Guid(024ca0bfaaba9874f8a11556556f5d78) Importer(815301076,1909f56bfc062723c751e8b465ee728b)  -> (artifact id: '7975f1c4aeb90877d1f1fb7f919748eb') in 0.001605 seconds
  Import took 0.003731 seconds .

========================================================================
Received Prepare
Registering precompiled user dll's ...
Registered in 0.000606 seconds.
Begin MonoManager ReloadAssembly
Native extension for WindowsStandalone target not found
Refreshing native plugins compatible for Editor in 0.36 ms, found 1 plugins.
Preloading 0 native plugins for Editor in 0.00 ms.
Mono: successfully reloaded assembly
- Completed reload, in  0.646 seconds
Platform modules already initialized, skipping
Refreshing native plugins compatible for Editor in 0.32 ms, found 1 plugins.
Preloading 0 native plugins for Editor in 0.00 ms.
Unloading 1807 Unused Serialized files (Serialized files now loaded: 0)
System memory in use before: 88.7 MB.
System memory in use after: 88.7 MB.

Unloading 12 unused Assets to reduce memory usage. Loaded Objects now: 2443.
Total: 1.938700 ms (FindLiveObjects: 0.219700 ms CreateObjectMapping: 0.040600 ms MarkObjects: 1.558900 ms  DeleteObjects: 0.118800 ms)

========================================================================
Received Prepare
Registering precompiled user dll's ...
Registered in 0.000766 seconds.
Begin MonoManager ReloadAssembly
Native extension for WindowsStandalone target not found
Refreshing native plugins compatible for Editor in 0.37 ms, found 1 plugins.
Preloading 0 native plugins for Editor in 0.00 ms.
Mono: successfully reloaded assembly
- Completed reload, in  0.649 seconds
Platform modules already initialized, skipping
Refreshing native plugins compatible for Editor in 0.34 ms, found 1 plugins.
Preloading 0 native plugins for Editor in 0.00 ms.
Unloading 1807 Unused Serialized files (Serialized files now loaded: 0)
System memory in use before: 88.8 MB.
System memory in use after: 88.7 MB.

Unloading 12 unused Assets to reduce memory usage. Loaded Objects now: 2447.
Total: 2.174000 ms (FindLiveObjects: 0.218600 ms CreateObjectMapping: 0.041800 ms MarkObjects: 1.797100 ms  DeleteObjects: 0.115500 ms)

========================================================================
Received Prepare
Registering precompiled user dll's ...
Registered in 0.000602 seconds.
Begin MonoManager ReloadAssembly
Native extension for WindowsStandalone target not found
Refreshing native plugins compatible for Editor in 0.37 ms, found 1 plugins.
Preloading 0 native plugins for Editor in 0.00 ms.
Mono: successfully reloaded assembly
- Completed reload, in  0.658 seconds
Platform modules already initialized, skipping
Refreshing native plugins compatible for Editor in 0.30 ms, found 1 plugins.
Preloading 0 native plugins for Editor in 0.00 ms.
Unloading 1807 Unused Serialized files (Serialized files now loaded: 0)
System memory in use before: 88.8 MB.
System memory in use after: 88.7 MB.

Unloading 12 unused Assets to reduce memory usage. Loaded Objects now: 2451.
Total: 1.997100 ms (FindLiveObjects: 0.198700 ms CreateObjectMapping: 0.042400 ms MarkObjects: 1.632100 ms  DeleteObjects: 0.123100 ms)

========================================================================
Received Prepare
Registering precompiled user dll's ...
Registered in 0.000616 seconds.
Begin MonoManager ReloadAssembly
Native extension for WindowsStandalone target not found
Refreshing native plugins compatible for Editor in 0.36 ms, found 1 plugins.
Preloading 0 native plugins for Editor in 0.00 ms.
Mono: successfully reloaded assembly
- Completed reload, in  0.660 seconds
Platform modules already initialized, skipping
Refreshing native plugins compatible for Editor in 0.30 ms, found 1 plugins.
Preloading 0 native plugins for Editor in 0.00 ms.
Unloading 1807 Unused Serialized files (Serialized files now loaded: 0)
System memory in use before: 88.8 MB.
System memory in use after: 88.8 MB.

Unloading 12 unused Assets to reduce memory usage. Loaded Objects now: 2455.
Total: 2.109600 ms (FindLiveObjects: 0.221200 ms CreateObjectMapping: 0.049500 ms MarkObjects: 1.734200 ms  DeleteObjects: 0.103700 ms)

========================================================================
Received Prepare
Registering precompiled user dll's ...
Registered in 0.000741 seconds.
Begin MonoManager ReloadAssembly
Native extension for WindowsStandalone target not found
Refreshing native plugins compatible for Editor in 0.42 ms, found 1 plugins.
Preloading 0 native plugins for Editor in 0.00 ms.
Mono: successfully reloaded assembly
- Completed reload, in  0.695 seconds
Platform modules already initialized, skipping
Refreshing native plugins compatible for Editor in 0.34 ms, found 1 plugins.
Preloading 0 native plugins for Editor in 0.00 ms.
Unloading 1807 Unused Serialized files (Serialized files now loaded: 0)
System memory in use before: 88.8 MB.
System memory in use after: 88.8 MB.

Unloading 12 unused Assets to reduce memory usage. Loaded Objects now: 2459.
Total: 1.945000 ms (FindLiveObjects: 0.205200 ms CreateObjectMapping: 0.042300 ms MarkObjects: 1.588300 ms  DeleteObjects: 0.108500 ms)

========================================================================
Received Prepare
Registering precompiled user dll's ...
Registered in 0.000579 seconds.
Begin MonoManager ReloadAssembly
Native extension for WindowsStandalone target not found
Refreshing native plugins compatible for Editor in 0.38 ms, found 1 plugins.
Preloading 0 native plugins for Editor in 0.00 ms.
Mono: successfully reloaded assembly
- Completed reload, in  0.675 seconds
Platform modules already initialized, skipping
Refreshing native plugins compatible for Editor in 0.28 ms, found 1 plugins.
Preloading 0 native plugins for Editor in 0.00 ms.
Unloading 1807 Unused Serialized files (Serialized files now loaded: 0)
System memory in use before: 88.8 MB.
System memory in use after: 88.8 MB.

Unloading 12 unused Assets to reduce memory usage. Loaded Objects now: 2463.
Total: 2.064500 ms (FindLiveObjects: 0.237800 ms CreateObjectMapping: 0.042000 ms MarkObjects: 1.614100 ms  DeleteObjects: 0.169700 ms)

========================================================================
Received Prepare
Registering precompiled user dll's ...
Registered in 0.000712 seconds.
Begin MonoManager ReloadAssembly
Native extension for WindowsStandalone target not found
Refreshing native plugins compatible for Editor in 0.41 ms, found 1 plugins.
Preloading 0 native plugins for Editor in 0.00 ms.
Mono: successfully reloaded assembly
- Completed reload, in  0.646 seconds
Platform modules already initialized, skipping
Refreshing native plugins compatible for Editor in 0.35 ms, found 1 plugins.
Preloading 0 native plugins for Editor in 0.00 ms.
Unloading 1807 Unused Serialized files (Serialized files now loaded: 0)
System memory in use before: 88.8 MB.
System memory in use after: 88.8 MB.

Unloading 12 unused Assets to reduce memory usage. Loaded Objects now: 2467.
Total: 1.858800 ms (FindLiveObjects: 0.210300 ms CreateObjectMapping: 0.044500 ms MarkObjects: 1.492500 ms  DeleteObjects: 0.110300 ms)

